gpu num is: 6
train 1000 steps, train loss: 2.17317271232605
train 2000 steps, train loss: 1.7789400815963745
train 3000 steps, train loss: 1.5839654207229614
train 4000 steps, train loss: 1.4568485021591187
train 5000 steps, train loss: 1.331319808959961
train 6000 steps, train loss: 1.208836555480957
train 7000 steps, train loss: 1.1110702753067017
train 8000 steps, train loss: 1.0460546016693115
train 9000 steps, train loss: 1.0081690549850464
train 10000 steps, train loss: 0.9820653200149536
train 11000 steps, train loss: 0.9670135378837585
train 12000 steps, train loss: 0.9572963118553162
train 13000 steps, train loss: 0.9532249569892883
train 14000 steps, train loss: 0.9491075873374939
train 15000 steps, train loss: 0.9478386640548706
train 16000 steps, train loss: 0.9451430439949036
train 17000 steps, train loss: 0.9449104070663452
train 18000 steps, train loss: 0.9419489502906799
train 19000 steps, train loss: 0.9406157732009888
train 20000 steps, train loss: 0.941931962966919
Cannot insert a Tensor that requires grad as a constant. Consider making it a parameter or input, or detaching the gradient
Tensor:
 0.9294
-0.1143
 0.0937
 0.0351
-0.0100
-0.0256
-0.0234
-0.0114
 0.0069
 0.0291
 1.0162
-0.0147
 0.2138
 0.1622
 0.1207
 0.1092
 0.1135
 0.1261
 0.1440
 0.1655
 1.0997
 0.0857
 0.3341
 0.2896
 0.2528
 0.2441
 0.2507
 0.2639
 0.2814
 0.3022
 1.1817
 0.1882
 0.4551
 0.4173
 0.3844
 0.3795
 0.3884
 0.4022
 0.4194
 0.4392
 1.2613
 0.2913
 0.5773
 0.5453
 0.5170
 0.5145
 0.5253
 0.5405
 0.5578
 0.5775
 1.3378
 0.3952
 0.6987
 0.6737
 0.6498
 0.6507
 0.6634
 0.6796
 0.6966
 0.7149
 1.4117
 0.5011
 0.8216
 0.8023
 0.7826
 0.7864
 0.8014
 0.8186
 0.8358
 0.8535
 1.4822
 0.6086
 0.9441
 0.9311
 0.9161
 0.9231
 0.9402
 0.9579
 0.9748
 0.9915
 1.5504
 0.7170
 1.0673
 1.0604
 1.0491
 1.0594
 1.0783
 1.0977
 1.1147
 1.1311
 1.6153
 0.8275
 1.1905
 1.1895
 1.1823
 1.1959
 1.2176
 1.2380
 1.2550
 1.2698
 1.6769
 0.9393
 1.3146
 1.3187
 1.3161
 1.3330
 1.3568
 1.3785
 1.3954
 1.4094
 1.7348
 1.0520
 1.4397
 1.4486
 1.4498
 1.4699
 1.4959
 1.5187
 1.5360
 1.5498
 1.7905
 1.1662
 1.5646
 1.5790
 1.5843
 1.6073
 1.6355
 1.6596
 1.6770
 1.6906
 1.8428
 1.2826
 1.6896
 1.7080
 1.7178
 1.7449
 1.7752
 1.8000
 1.8183
 1.8314
 1.8905
 1.4000
 1.8153
 1.8383
 1.8526
 1.8822
 1.9152
 1.9415
 1.9598
 1.9725
 1.9360
 1.5187
 1.9418
 1.9681
 1.9870
 2.0201
 2.0556
 2.0829
 2.1014
 2.1136
 1.9778
 1.6399
 2.0681
 2.0991
 2.1209
 2.1583
 2.1962
 2.2254
 2.2441
 2.2550
 2.0163
 1.7615
 2.1942
 2.2292
 2.2554
 2.2962
 2.3364
 2.3666
 2.3868
 2.3969
 2.0502
 1.8858
 2.3212
 2.3595
 2.3898
 2.4347
 2.4771
 2.5095
 2.5292
 2.5396
 2.0811
 2.0106
 2.4482
 2.4905
 2.5244
 2.5729
 2.6182
 2.6522
 2.6728
 2.6824
 2.1082
 2.1376
 2.5760
 2.6207
 2.6590
 2.7106
 2.7593
 2.7949
 2.8157
 2.8255
 2.1312
 2.2662
 2.7039
 2.7519
 2.7940
 2.8490
 2.9012
 2.9382
 2.9598
 2.9694
 2.1507
 2.3965
 2.8313
 2.8825
 2.9289
 2.9872
 3.0420
 3.0815
 3.1038
 3.1130
 2.1661
 2.5282
 2.9605
 3.0132
 3.0634
 3.1267
 3.1841
 3.2248
 3.2475
 3.2569
 2.1782
 2.6619
 3.0888
 3.1447
 3.1984
 3.2652
 3.3262
 3.3690
 3.3921
 3.4008
 2.1866
 2.7966
 3.2187
 3.2750
 3.3333
 3.4039
 3.4684
 3.5122
 3.5369
 3.5454
 2.1903
 2.9332
 3.3477
 3.4067
 3.4682
 3.5435
 3.6099
 3.6564
 3.6818
 3.6905
 2.1907
 3.0713
 3.4778
 3.5371
 3.6031
 3.6822
 3.7527
 3.8006
 3.8273
 3.8355
 2.1875
 3.2111
 3.6077
 3.6690
 3.7385
 3.8221
 3.8950
 3.9460
 3.9728
 3.9814
 2.1803
 3.3521
 3.7378
 3.8000
 3.8737
 3.9611
 4.0378
 4.0908
 4.1196
 4.1269
 2.1691
 3.4949
 3.8689
 3.9313
 4.0089
 4.1005
 4.1817
 4.2362
 4.2652
 4.2731
 2.1551
 3.6393
 3.9996
 4.0622
 4.1445
 4.2393
 4.3240
 4.3815
 4.4120
 4.4202
 2.1364
 3.7851
 4.1304
 4.1938
 4.2792
 4.3796
 4.4678
 4.5275
 4.5583
 4.5671
 2.1147
 3.9320
 4.2624
 4.3258
 4.4139
 4.5196
 4.6111
 4.6737
 4.7057
 4.7148
 2.0898
 4.0806
 4.3942
 4.4574
 4.5493
 4.6595
 4.7553
 4.8201
 4.8534
 4.8624
 2.0607
 4.2299
 4.5258
 4.5882
 4.6847
 4.7994
 4.8993
 4.9669
 5.0015
 5.0106
 2.0282
 4.3811
 4.6583
 4.7202
 4.8197
 4.9388
 5.0434
 5.1140
 5.1502
 5.1587
 1.9922
 4.5341
 4.7905
 4.8511
 4.9549
 5.0797
 5.1881
 5.2614
 5.2987
 5.3074
 1.9524
 4.6886
 4.9232
 4.9833
 5.0902
 5.2197
 5.3322
 5.4089
 5.4480
 5.4568
 1.9093
 4.8433
 5.0566
 5.1149
 5.2254
 5.3594
 5.4771
 5.5569
 5.5967
 5.6063
 1.0102
 0.0507
 0.2472
 0.1875
 0.1406
 0.1234
 0.1239
 0.1342
 0.1499
 0.1696
 1.0908
 0.1490
 0.3659
 0.3134
 0.2713
 0.2572
 0.2601
 0.2705
 0.2866
 0.3063
 1.1696
 0.2502
 0.4856
 0.4402
 0.4021
 0.3913
 0.3966
 0.4078
 0.4240
 0.4420
 1.2457
 0.3521
 0.6057
 0.5670
 0.5335
 0.5258
 0.5329
 0.5453
 0.5611
 0.5793
 1.3188
 0.4555
 0.7262
 0.6938
 0.6646
 0.6603
 0.6696
 0.6834
 0.6986
 0.7163
 1.3900
 0.5592
 0.8481
 0.8213
 0.7965
 0.7952
 0.8067
 0.8212
 0.8367
 0.8529
 1.4584
 0.6657
 0.9697
 0.9490
 0.9284
 0.9307
 0.9437
 0.9596
 0.9753
 0.9910
 1.5236
 0.7730
 1.0911
 1.0770
 1.0607
 1.0663
 1.0817
 1.0982
 1.1139
 1.1282
 1.5863
 0.8813
 1.2139
 1.2051
 1.1930
 1.2017
 1.2194
 1.2375
 1.2533
 1.2672
 1.6456
 0.9917
 1.3372
 1.3332
 1.3260
 1.3378
 1.3575
 1.3764
 1.3928
 1.4057
 1.7019
 1.1030
 1.4605
 1.4625
 1.4580
 1.4736
 1.4963
 1.5165
 1.5321
 1.5457
 1.7556
 1.2165
 1.5849
 1.5915
 1.5914
 1.6106
 1.6347
 1.6557
 1.6722
 1.6850
 1.8061
 1.3306
 1.7094
 1.7207
 1.7246
 1.7469
 1.7734
 1.7961
 1.8129
 1.8243
 1.8531
 1.4462
 1.8339
 1.8494
 1.8581
 1.8835
 1.9124
 1.9365
 1.9535
 1.9652
 1.8974
 1.5639
 1.9586
 1.9789
 1.9909
 2.0200
 2.0522
 2.0769
 2.0941
 2.1057
 1.9376
 1.6828
 2.0841
 2.1083
 2.1250
 2.1573
 2.1908
 2.2178
 2.2353
 2.2460
 1.9753
 1.8033
 2.2095
 2.2381
 2.2588
 2.2946
 2.3309
 2.3592
 2.3774
 2.3868
 2.0089
 1.9256
 2.3355
 2.3683
 2.3929
 2.4320
 2.4712
 2.5008
 2.5192
 2.5291
 2.0387
 2.0487
 2.4621
 2.4971
 2.5264
 2.5694
 2.6110
 2.6418
 2.6617
 2.6703
 2.0663
 2.1743
 2.5892
 2.6277
 2.6607
 2.7072
 2.7517
 2.7847
 2.8038
 2.8124
 2.0892
 2.3013
 2.7160
 2.7580
 2.7944
 2.8444
 2.8923
 2.9269
 2.9467
 2.9553
 2.1091
 2.4290
 2.8435
 2.8881
 2.9285
 2.9822
 3.0326
 3.0688
 3.0897
 3.0981
 2.1249
 2.5595
 2.9705
 3.0182
 3.0630
 3.1205
 3.1740
 3.2121
 3.2332
 3.2409
 2.1378
 2.6910
 3.0996
 3.1491
 3.1973
 3.2581
 3.3150
 3.3551
 3.3770
 3.3842
 2.1463
 2.8245
 3.2275
 3.2787
 3.3310
 3.3970
 3.4569
 3.4978
 3.5206
 3.5284
 2.1513
 2.9587
 3.3568
 3.4098
 3.4662
 3.5357
 3.5979
 3.6413
 3.6652
 3.6726
 2.1530
 3.0951
 3.4856
 3.5406
 3.6007
 3.6739
 3.7393
 3.7851
 3.8093
 3.8167
 2.1508
 3.2327
 3.6152
 3.6714
 3.7348
 3.8121
 3.8817
 3.9287
 3.9544
 3.9620
 2.1447
 3.3729
 3.7450
 3.8022
 3.8691
 3.9514
 4.0240
 4.0732
 4.0995
 4.1072
 2.1353
 3.5133
 3.8752
 3.9334
 4.0045
 4.0902
 4.1659
 4.2177
 4.2453
 4.2520
 2.1219
 3.6562
 4.0052
 4.0641
 4.1400
 4.2293
 4.3084
 4.3626
 4.3907
 4.3983
 2.1056
 3.8002
 4.1368
 4.1950
 4.2745
 4.3684
 4.4513
 4.5078
 4.5369
 4.5445
 2.0852
 3.9458
 4.2671
 4.3268
 4.4096
 4.5077
 4.5939
 4.6533
 4.6835
 4.6913
 2.0618
 4.0929
 4.3980
 4.4580
 4.5436
 4.6471
 4.7378
 4.7991
 4.8303
 4.8378
 2.0344
 4.2408
 4.5297
 4.5894
 4.6790
 4.7869
 4.8811
 4.9449
 4.9772
 4.9848
 2.0041
 4.3904
 4.6618
 4.7198
 4.8134
 4.9266
 5.0251
 5.0911
 5.1251
 5.1325
 1.9702
 4.5420
 4.7934
 4.8510
 4.9488
 5.0659
 5.1691
 5.2378
 5.2726
 5.2805
 1.9321
 4.6946
 4.9257
 4.9828
 5.0837
 5.2058
 5.3129
 5.3853
 5.4209
 5.4288
 1.8917
 4.8482
 5.0590
 5.1141
 5.2187
 5.3458
 5.4572
 5.5320
 5.5696
 5.5777
 1.8471
 5.0035
 5.1916
 5.2452
 5.3537
 5.4858
 5.6016
 5.6801
 5.7178
 5.7265
 1.0895
 0.2140
 0.3993
 0.3395
 0.2912
 0.2721
 0.2710
 0.2789
 0.2934
 0.3112
 1.1642
 0.3134
 0.5183
 0.4648
 0.4206
 0.4051
 0.4062
 0.4149
 0.4291
 0.4469
 1.2370
 0.4134
 0.6365
 0.5901
 0.5509
 0.5389
 0.5418
 0.5513
 0.5648
 0.5821
 1.3070
 0.5155
 0.7564
 0.7164
 0.6815
 0.6722
 0.6777
 0.6886
 0.7016
 0.7182
 1.3747
 0.6190
 0.8762
 0.8425
 0.8115
 0.8055
 0.8132
 0.8257
 0.8394
 0.8546
 1.4404
 0.7233
 0.9964
 0.9686
 0.9425
 0.9397
 0.9489
 0.9628
 0.9767
 0.9910
 1.5032
 0.8290
 1.1176
 1.0956
 1.0738
 1.0742
 1.0861
 1.0999
 1.1144
 1.1284
 1.5628
 0.9356
 1.2390
 1.2232
 1.2058
 1.2090
 1.2226
 1.2384
 1.2526
 1.2657
 1.6206
 1.0447
 1.3606
 1.3500
 1.3373
 1.3445
 1.3602
 1.3764
 1.3907
 1.4037
 1.6746
 1.1545
 1.4833
 1.4779
 1.4686
 1.4791
 1.4972
 1.5154
 1.5298
 1.5418
 1.7260
 1.2665
 1.6055
 1.6059
 1.6010
 1.6142
 1.6351
 1.6537
 1.6685
 1.6803
 1.7742
 1.3789
 1.7297
 1.7340
 1.7330
 1.7504
 1.7731
 1.7930
 1.8080
 1.8188
 1.8202
 1.4930
 1.8530
 1.8620
 1.8653
 1.8860
 1.9112
 1.9326
 1.9481
 1.9584
 1.8629
 1.6092
 1.9774
 1.9909
 1.9972
 2.0219
 2.0496
 2.0721
 2.0879
 2.0975
 1.9021
 1.7268
 2.1012
 2.1197
 2.1311
 2.1590
 2.1881
 2.2124
 2.2279
 2.2378
 1.9389
 1.8455
 2.2261
 2.2482
 2.2635
 2.2941
 2.3270
 2.3524
 2.3692
 2.3781
 1.9717
 1.9656
 2.3509
 2.3771
 2.3968
 2.4307
 2.4666
 2.4928
 2.5097
 2.5183
 2.0009
 2.0880
 2.4769
 2.5063
 2.5296
 2.5674
 2.6056
 2.6337
 2.6512
 2.6594
 2.0280
 2.2118
 2.6027
 2.6352
 2.6628
 2.7046
 2.7452
 2.7756
 2.7928
 2.8009
 2.0511
 2.3367
 2.7292
 2.7653
 2.7959
 2.8413
 2.8850
 2.9167
 2.9350
 2.9427
 2.0708
 2.4628
 2.8556
 2.8943
 2.9301
 2.9785
 3.0250
 3.0580
 3.0771
 3.0849
 2.0873
 2.5913
 2.9829
 3.0241
 3.0633
 3.1157
 3.1648
 3.2000
 3.2196
 3.2266
 2.1005
 2.7212
 3.1101
 3.1545
 3.1967
 3.2529
 3.3059
 3.3417
 3.3623
 3.3697
 2.1095
 2.8527
 3.2377
 3.2842
 3.3314
 3.3910
 3.4457
 3.4848
 3.5060
 3.5126
 2.1156
 2.9857
 3.3662
 3.4137
 3.4647
 3.5287
 3.5872
 3.6270
 3.6495
 3.6564
 2.1185
 3.1203
 3.4947
 3.5445
 3.5989
 3.6669
 3.7276
 3.7700
 3.7926
 3.7987
 2.1168
 3.2563
 3.6236
 3.6750
 3.7324
 3.8048
 3.8690
 3.9134
 3.9371
 3.9432
 2.1123
 3.3941
 3.7522
 3.8048
 3.8671
 3.9426
 4.0104
 4.0564
 4.0810
 4.0879
 2.1034
 3.5336
 3.8817
 3.9354
 4.0015
 4.0810
 4.1519
 4.2010
 4.2258
 4.2320
 2.0920
 3.6744
 4.0118
 4.0657
 4.1355
 4.2189
 4.2939
 4.3448
 4.3708
 4.3771
 2.0772
 3.8165
 4.1420
 4.1965
 4.2693
 4.3582
 4.4360
 4.4890
 4.5159
 4.5223
 2.0587
 3.9599
 4.2721
 4.3272
 4.4039
 4.4971
 4.5779
 4.6336
 4.6618
 4.6682
 2.0368
 4.1054
 4.4027
 4.4590
 4.5392
 4.6360
 4.7211
 4.7785
 4.8073
 4.8142
 2.0108
 4.2517
 4.5337
 4.5897
 4.6737
 4.7743
 4.8634
 4.9236
 4.9539
 4.9602
 1.9824
 4.4008
 4.6656
 4.7203
 4.8082
 4.9139
 5.0072
 5.0695
 5.1004
 5.1073
 1.9507
 4.5505
 4.7974
 4.8516
 4.9423
 5.0528
 5.1502
 5.2148
 5.2482
 5.2545
 1.9154
 4.7006
 4.9285
 4.9826
 5.0773
 5.1931
 5.2937
 5.3612
 5.3955
 5.4025
 1.8762
 4.8529
 5.0613
 5.1142
 5.2124
 5.3323
 5.4375
 5.5083
 5.5433
 5.5504
 1.8345
 5.0065
 5.1939
 5.2456
 5.3472
 5.4720
 5.5813
 5.6546
 5.6912
 5.6980
 1.7897
 5.1622
 5.3269
 5.3768
 5.4822
 5.6113
 5.7260
 5.8021
 5.8394
 5.8467
 1.1665
 0.3764
 0.5515
 0.4912
 0.4416
 0.4209
 0.4178
 0.4241
 0.4360
 0.4519
 1.2349
 0.4754
 0.6692
 0.6150
 0.5709
 0.5528
 0.5520
 0.5590
 0.5712
 0.5874
 1.3023
 0.5760
 0.7867
 0.7397
 0.6995
 0.6853
 0.6866
 0.6947
 0.7069
 0.7217
 1.3667
 0.6777
 0.9063
 0.8653
 0.8289
 0.8179
 0.8216
 0.8307
 0.8427
 0.8571
 1.4287
 0.7808
 1.0251
 0.9907
 0.9587
 0.9514
 0.9567
 0.9672
 0.9795
 0.9932
 1.4890
 0.8851
 1.1443
 1.1161
 1.0892
 1.0845
 1.0921
 1.1034
 1.1158
 1.1286
 1.5465
 0.9901
 1.2651
 1.2423
 1.2191
 1.2184
 1.2278
 1.2404
 1.2530
 1.2653
 1.6010
 1.0977
 1.3855
 1.3683
 1.3497
 1.3522
 1.3642
 1.3780
 1.3910
 1.4023
 1.6528
 1.2065
 1.5076
 1.4955
 1.4800
 1.4860
 1.5003
 1.5160
 1.5285
 1.5396
 1.7022
 1.3165
 1.6290
 1.6221
 1.6112
 1.6205
 1.6368
 1.6536
 1.6665
 1.6773
 1.7487
 1.4277
 1.7507
 1.7488
 1.7428
 1.7546
 1.7736
 1.7914
 1.8048
 1.8150
 1.7926
 1.5409
 1.8736
 1.8763
 1.8741
 1.8897
 1.9106
 1.9301
 1.9435
 1.9541
 1.8336
 1.6548
 1.9962
 2.0041
 2.0060
 2.0246
 2.0485
 2.0692
 2.0827
 2.0919
 1.8715
 1.7711
 2.1199
 2.1317
 2.1381
 2.1607
 2.1863
 2.2079
 2.2227
 2.2309
 1.9066
 1.8880
 2.2433
 2.2591
 2.2698
 2.2957
 2.3244
 2.3470
 2.3618
 2.3699
 1.9385
 2.0068
 2.3680
 2.3878
 2.4017
 2.4311
 2.4625
 2.4868
 2.5018
 2.5098
 1.9674
 2.1272
 2.4927
 2.5158
 2.5339
 2.5666
 2.6011
 2.6270
 2.6431
 2.6500
 1.9938
 2.2492
 2.6177
 2.6444
 2.6666
 2.7029
 2.7396
 2.7672
 2.7831
 2.7899
 2.0166
 2.3723
 2.7434
 2.7731
 2.7993
 2.8389
 2.8788
 2.9078
 2.9242
 2.9310
 2.0361
 2.4976
 2.8690
 2.9020
 2.9319
 2.9755
 3.0177
 3.0484
 3.0656
 3.0724
 2.0526
 2.6244
 2.9952
 3.0316
 3.0646
 3.1117
 3.1563
 3.1896
 3.2069
 3.2135
 2.0659
 2.7521
 3.1217
 3.1606
 3.1986
 3.2490
 3.2966
 3.3305
 3.3490
 3.3551
 2.0759
 2.8814
 3.2485
 3.2899
 3.3307
 3.3855
 3.4366
 3.4720
 3.4915
 3.4974
 2.0823
 3.0132
 3.3764
 3.4191
 3.4638
 3.5222
 3.5763
 3.6141
 3.6344
 3.6400
 2.0853
 3.1455
 3.5044
 3.5490
 3.5971
 3.6595
 3.7164
 3.7562
 3.7771
 3.7826
 2.0853
 3.2806
 3.6324
 3.6789
 3.7311
 3.7977
 3.8571
 3.8986
 3.9201
 3.9253
 2.0819
 3.4164
 3.7604
 3.8088
 3.8654
 3.9352
 3.9977
 4.0413
 4.0638
 4.0691
 2.0749
 3.5541
 3.8893
 3.9386
 3.9985
 4.0721
 4.1389
 4.1839
 4.2072
 4.2131
 2.0644
 3.6929
 4.0189
 4.0685
 4.1326
 4.2104
 4.2800
 4.3270
 4.3514
 4.3571
 2.0511
 3.8335
 4.1479
 4.1988
 4.2659
 4.3479
 4.4208
 4.4708
 4.4962
 4.5021
 2.0341
 3.9755
 4.2776
 4.3292
 4.4007
 4.4870
 4.5628
 4.6146
 4.6412
 4.6465
 2.0135
 4.1194
 4.4085
 4.4598
 4.5340
 4.6251
 4.7053
 4.7590
 4.7863
 4.7915
 1.9907
 4.2636
 4.5385
 4.5905
 4.6684
 4.7635
 4.8472
 4.9033
 4.9321
 4.9368
 1.9638
 4.4108
 4.6694
 4.7212
 4.8032
 4.9026
 4.9893
 5.0483
 5.0777
 5.0836
 1.9338
 4.5588
 4.8008
 4.8527
 4.9365
 5.0417
 5.1320
 5.1938
 5.2241
 5.2291
 1.9004
 4.7079
 4.9321
 4.9833
 5.0719
 5.1800
 5.2749
 5.3390
 5.3705
 5.3762
 1.8641
 4.8592
 5.0643
 5.1143
 5.2059
 5.3195
 5.4184
 5.4853
 5.5177
 5.5231
 1.8246
 5.0111
 5.1963
 5.2452
 5.3405
 5.4589
 5.5612
 5.6306
 5.6652
 5.6707
 1.7819
 5.1650
 5.3289
 5.3766
 5.4761
 5.5977
 5.7053
 5.7777
 5.8126
 5.8184
 1.7355
 5.3193
 5.4618
 5.5075
 5.6105
 5.7378
 5.8493
 5.9240
 5.9608
 5.9665
 1.2402
 0.5374
 0.7026
 0.6422
 0.5915
 0.5689
 0.5641
 0.5685
 0.5783
 0.5930
 1.3037
 0.6366
 0.8195
 0.7657
 0.7192
 0.7002
 0.6975
 0.7027
 0.7123
 0.7265
 1.3647
 0.7366
 0.9367
 0.8892
 0.8482
 0.8318
 0.8313
 0.8381
 0.8480
 0.8612
 1.4238
 0.8387
 1.0547
 1.0134
 0.9764
 0.9640
 0.9651
 0.9730
 0.9835
 0.9956
 1.4812
 0.9419
 1.1734
 1.1377
 1.1056
 1.0957
 1.1000
 1.1087
 1.1191
 1.1309
 1.5350
 1.0459
 1.2923
 1.2628
 1.2346
 1.2285
 1.2348
 1.2441
 1.2547
 1.2660
 1.5874
 1.1514
 1.4120
 1.3883
 1.3637
 1.3614
 1.3696
 1.3808
 1.3917
 1.4017
 1.6372
 1.2586
 1.5325
 1.5137
 1.4937
 1.4948
 1.5055
 1.5173
 1.5290
 1.5388
 1.6839
 1.3667
 1.6524
 1.6389
 1.6237
 1.6278
 1.6409
 1.6541
 1.6657
 1.6752
 1.7282
 1.4768
 1.7739
 1.7659
 1.7538
 1.7617
 1.7765
 1.7913
 1.8035
 1.8121
 1.7703
 1.5885
 1.8952
 1.8921
 1.8844
 1.8946
 1.9124
 1.9291
 1.9407
 1.9488
 1.8089
 1.7008
 2.0170
 2.0186
 2.0157
 2.0293
 2.0494
 2.0665
 2.0792
 2.0870
 1.8453
 1.8155
 2.1397
 2.1453
 2.1461
 2.1642
 2.1856
 2.2045
 2.2177
 2.2252
 1.8791
 1.9313
 2.2617
 2.2725
 2.2768
 2.2981
 2.3229
 2.3426
 2.3563
 2.3632
 1.9100
 2.0480
 2.3857
 2.3991
 2.4089
 2.4326
 2.4604
 2.4818
 2.4955
 2.5022
 1.9380
 2.1670
 2.5092
 2.5275
 2.5400
 2.5672
 2.5978
 2.6213
 2.6350
 2.6410
 1.9628
 2.2864
 2.6338
 2.6547
 2.6712
 2.7034
 2.7356
 2.7605
 2.7748
 2.7808
 1.9857
 2.4085
 2.7582
 2.7832
 2.8034
 2.8382
 2.8736
 2.8997
 2.9149
 2.9205
 2.0051
 2.5321
 2.8830
 2.9111
 2.9354
 2.9737
 3.0116
 3.0396
 3.0552
 3.0611
 2.0211
 2.6568
 3.0084
 3.0391
 3.0673
 3.1093
 3.1503
 3.1793
 3.1961
 3.2017
 2.0343
 2.7835
 3.1341
 3.1677
 3.2006
 3.2450
 3.2892
 3.3204
 3.3370
 3.3423
 2.0449
 2.9117
 3.2602
 3.2963
 3.3324
 3.3820
 3.4284
 3.4604
 3.4788
 3.4835
 2.0519
 3.0407
 3.3870
 3.4254
 3.4651
 3.5180
 3.5670
 3.6018
 3.6206
 3.6254
 2.0554
 3.1720
 3.5146
 3.5540
 3.5978
 3.6549
 3.7067
 3.7431
 3.7620
 3.7668
 2.0562
 3.3044
 3.6412
 3.6831
 3.7307
 3.7913
 3.8466
 3.8850
 3.9044
 3.9091
 2.0537
 3.4388
 3.7696
 3.8133
 3.8631
 3.9281
 3.9866
 4.0266
 4.0470
 4.0517
 2.0481
 3.5746
 3.8972
 3.9425
 3.9969
 4.0652
 4.1272
 4.1690
 4.1905
 4.1948
 2.0399
 3.7123
 4.0262
 4.0723
 4.1303
 4.2025
 4.2668
 4.3110
 4.3337
 4.3380
 2.0272
 3.8506
 4.1547
 4.2015
 4.2633
 4.3398
 4.4077
 4.4541
 4.4778
 4.4820
 2.0121
 3.9911
 4.2844
 4.3320
 4.3971
 4.4773
 4.5486
 4.5973
 4.6212
 4.6258
 1.9936
 4.1326
 4.4139
 4.4620
 4.5307
 4.6150
 4.6901
 4.7405
 4.7655
 4.7702
 1.9720
 4.2762
 4.5435
 4.5923
 4.6649
 4.7531
 4.8313
 4.8841
 4.9109
 4.9144
 1.9468
 4.4215
 4.6738
 4.7225
 4.7984
 4.8913
 4.9733
 5.0288
 5.0557
 5.0598
 1.9196
 4.5679
 4.8054
 4.8529
 4.9326
 5.0295
 5.1154
 5.1730
 5.2005
 5.2052
 1.8881
 4.7159
 4.9356
 4.9835
 5.0670
 5.1678
 5.2574
 5.3173
 5.3471
 5.3515
 1.8545
 4.8654
 5.0670
 5.1147
 5.2010
 5.3069
 5.4000
 5.4625
 5.4927
 5.4979
 1.8172
 5.0162
 5.1984
 5.2448
 5.3348
 5.4455
 5.5426
 5.6077
 5.6394
 5.6436
 1.7772
 5.1675
 5.3313
 5.3766
 5.4698
 5.5843
 5.6863
 5.7539
 5.7868
 5.7907
 1.7339
 5.3213
 5.4633
 5.5074
 5.6043
 5.7237
 5.8295
 5.8993
 5.9337
 5.9384
 1.6867
 5.4760
 5.5955
 5.6387
 5.7384
 5.8635
 5.9732
 6.0458
 6.0817
 6.0861
 1.3123
 0.6977
 0.8537
 0.7927
 0.7412
 0.7173
 0.7095
 0.7118
 0.7203
 0.7325
 1.3696
 0.7964
 0.9691
 0.9155
 0.8679
 0.8472
 0.8427
 0.8452
 0.8543
 0.8661
 1.4257
 0.8968
 1.0857
 1.0382
 0.9959
 0.9781
 0.9756
 0.9798
 0.9885
 0.9997
 1.4789
 0.9983
 1.2034
 1.1618
 1.1234
 1.1094
 1.1086
 1.1150
 1.1234
 1.1338
 1.5305
 1.1016
 1.3205
 1.2849
 1.2520
 1.2411
 1.2430
 1.2489
 1.2585
 1.2684
 1.5797
 1.2056
 1.4396
 1.4096
 1.3800
 1.3723
 1.3769
 1.3852
 1.3943
 1.4036
 1.6267
 1.3111
 1.5589
 1.5336
 1.5088
 1.5042
 1.5109
 1.5209
 1.5295
 1.5392
 1.6711
 1.4177
 1.6773
 1.6587
 1.6378
 1.6368
 1.6458
 1.6563
 1.6657
 1.6746
 1.7132
 1.5268
 1.7975
 1.7833
 1.7667
 1.7687
 1.7803
 1.7921
 1.8025
 1.8109
 1.7527
 1.6357
 1.9182
 1.9090
 1.8966
 1.9024
 1.9153
 1.9290
 1.9393
 1.9465
 1.7897
 1.7478
 2.0391
 2.0347
 2.0263
 2.0349
 2.0510
 2.0654
 2.0764
 2.0835
 1.8245
 1.8607
 2.1601
 2.1603
 2.1558
 2.1683
 2.1867
 2.2029
 2.2137
 2.2205
 1.8560
 1.9740
 2.2821
 2.2870
 2.2860
 2.3021
 2.3228
 2.3401
 2.3521
 2.3583
 1.8856
 2.0895
 2.4047
 2.4128
 2.4163
 2.4360
 2.4593
 2.4780
 2.4899
 2.4959
 1.9130
 2.2074
 2.5276
 2.5399
 2.5475
 2.5699
 2.5959
 2.6166
 2.6287
 2.6333
 1.9366
 2.3255
 2.6508
 2.6665
 2.6780
 2.7047
 2.7324
 2.7544
 2.7678
 2.7726
 1.9578
 2.4451
 2.7742
 2.7935
 2.8088
 2.8386
 2.8697
 2.8932
 2.9066
 2.9113
 1.9769
 2.5672
 2.8975
 2.9207
 2.9401
 2.9738
 3.0071
 3.0322
 3.0463
 3.0508
 1.9934
 2.6909
 3.0225
 3.0482
 3.0711
 3.1084
 3.1451
 3.1714
 3.1860
 3.1904
 2.0063
 2.8156
 3.1472
 3.1762
 3.2028
 3.2435
 3.2826
 3.3111
 3.3264
 3.3296
 2.0169
 2.9419
 3.2735
 3.3043
 3.3346
 3.3788
 3.4209
 3.4511
 3.4663
 3.4701
 2.0243
 3.0689
 3.3982
 3.4319
 3.4669
 3.5145
 3.5591
 3.5905
 3.6075
 3.6114
 2.0286
 3.1981
 3.5257
 3.5604
 3.5982
 3.6499
 3.6984
 3.7315
 3.7489
 3.7519
 2.0301
 3.3294
 3.6516
 3.6894
 3.7305
 3.7859
 3.8366
 3.8719
 3.8895
 3.8936
 2.0287
 3.4622
 3.7794
 3.8181
 3.8631
 3.9224
 3.9765
 4.0134
 4.0314
 4.0355
 2.0239
 3.5959
 3.9067
 3.9470
 3.9960
 4.0585
 4.1156
 4.1542
 4.1741
 4.1777
 2.0163
 3.7317
 4.0343
 4.0763
 4.1288
 4.1948
 4.2551
 4.2961
 4.3161
 4.3194
 2.0059
 3.8687
 4.1624
 4.2050
 4.2620
 4.3321
 4.3949
 4.4385
 4.4591
 4.4623
 1.9922
 4.0078
 4.2908
 4.3346
 4.3945
 4.4687
 4.5351
 4.5801
 4.6023
 4.6056
 1.9754
 4.1470
 4.4196
 4.4642
 4.5279
 4.6054
 4.6753
 4.7226
 4.7463
 4.7499
 1.9561
 4.2889
 4.5493
 4.5942
 4.6611
 4.7434
 4.8168
 4.8662
 4.8900
 4.8931
 1.9327
 4.4331
 4.6796
 4.7242
 4.7948
 4.8808
 4.9575
 5.0097
 5.0341
 5.0373
 1.9073
 4.5776
 4.8098
 4.8545
 4.9280
 5.0186
 5.0990
 5.1528
 5.1790
 5.1822
 1.8789
 4.7234
 4.9401
 4.9846
 5.0614
 5.1568
 5.2402
 5.2966
 5.3242
 5.3267
 1.8467
 4.8717
 5.0703
 5.1148
 5.1953
 5.2949
 5.3826
 5.4408
 5.4691
 5.4727
 1.8127
 5.0202
 5.2017
 5.2463
 5.3295
 5.4329
 5.5241
 5.5855
 5.6152
 5.6181
 1.7751
 5.1707
 5.3334
 5.3768
 5.4631
 5.5714
 5.6671
 5.7299
 5.7609
 5.7642
 1.7344
 5.3233
 5.4651
 5.5072
 5.5978
 5.7107
 5.8097
 5.8756
 5.9078
 5.9109
 1.6908
 5.4764
 5.5974
 5.6384
 5.7321
 5.8494
 5.9525
 6.0214
 6.0537
 6.0581
 1.6438
 5.6307
 5.7300
 5.7698
 5.8671
 5.9885
 6.0959
 6.1675
 6.2018
 6.2050
 1.3814
 0.8567
 1.0036
 0.9433
 0.8907
 0.8638
 0.8555
 0.8558
 0.8619
 0.8727
 1.4336
 0.9553
 1.1193
 1.0651
 1.0169
 0.9941
 0.9872
 0.9888
 0.9947
 1.0050
 1.4836
 1.0556
 1.2348
 1.1871
 1.1438
 1.1235
 1.1194
 1.1223
 1.1296
 1.1383
 1.5321
 1.1568
 1.3518
 1.3093
 1.2705
 1.2544
 1.2517
 1.2557
 1.2630
 1.2712
 1.5776
 1.2598
 1.4681
 1.4327
 1.3977
 1.3845
 1.3856
 1.3910
 1.3978
 1.4058
 1.6219
 1.3643
 1.5860
 1.5555
 1.5253
 1.5158
 1.5188
 1.5246
 1.5326
 1.5405
 1.6637
 1.4695
 1.7042
 1.6791
 1.6525
 1.6467
 1.6517
 1.6595
 1.6671
 1.6750
 1.7029
 1.5764
 1.8230
 1.8035
 1.7813
 1.7786
 1.7855
 1.7953
 1.8028
 1.8098
 1.7405
 1.6840
 1.9420
 1.9273
 1.9095
 1.9106
 1.9199
 1.9310
 1.9386
 1.9453
 1.7752
 1.7945
 2.0621
 2.0521
 2.0383
 2.0422
 2.0542
 2.0659
 2.0753
 2.0809
 1.8079
 1.9054
 2.1826
 2.1774
 2.1677
 2.1752
 2.1895
 2.2024
 2.2117
 2.2166
 1.8383
 2.0182
 2.3032
 2.3025
 2.2968
 2.3073
 2.3239
 2.3389
 2.3487
 2.3536
 1.8659
 2.1321
 2.4240
 2.4274
 2.4264
 2.4411
 2.4598
 2.4757
 2.4857
 2.4905
 1.8913
 2.2478
 2.5460
 2.5532
 2.5561
 2.5734
 2.5958
 2.6129
 2.6236
 2.6276
 1.9143
 2.3648
 2.6680
 2.6790
 2.6855
 2.7067
 2.7311
 2.7508
 2.7612
 2.7654
 1.9349
 2.4830
 2.7907
 2.8051
 2.8155
 2.8404
 2.8676
 2.8882
 2.8996
 2.9031
 1.9528
 2.6031
 2.9143
 2.9321
 2.9459
 2.9740
 3.0035
 3.0261
 3.0380
 3.0421
 1.9682
 2.7245
 3.0376
 3.0586
 3.0761
 3.1086
 3.1410
 3.1640
 3.1770
 3.1805
 1.9812
 2.8471
 3.1615
 3.1853
 3.2074
 3.2428
 3.2781
 3.3026
 3.3160
 3.3196
 1.9915
 2.9723
 3.2862
 3.3129
 3.3391
 3.3767
 3.4151
 3.4417
 3.4556
 3.4584
 1.9989
 3.0981
 3.4107
 3.4403
 3.4696
 3.5120
 3.5520
 3.5814
 3.5962
 3.5986
 2.0041
 3.2258
 3.5366
 3.5677
 3.6006
 3.6464
 3.6903
 3.7206
 3.7361
 3.7385
 2.0063
 3.3550
 3.6624
 3.6958
 3.7327
 3.7819
 3.8278
 3.8608
 3.8764
 3.8789
 2.0055
 3.4859
 3.7889
 3.8243
 3.8641
 3.9173
 3.9669
 4.0008
 4.0178
 4.0200
 2.0018
 3.6180
 3.9158
 3.9521
 3.9958
 4.0535
 4.1059
 4.1410
 4.1586
 4.1611
 1.9958
 3.7519
 4.0427
 4.0813
 4.1281
 4.1886
 4.2444
 4.2823
 4.3004
 4.3020
 1.9864
 3.8870
 4.1700
 4.2098
 4.2604
 4.3254
 4.3833
 4.4228
 4.4427
 4.4444
 1.9746
 4.0247
 4.2984
 4.3387
 4.3927
 4.4608
 4.5229
 4.5644
 4.5847
 4.5867
 1.9594
 4.1629
 4.4262
 4.4680
 4.5254
 4.5980
 4.6626
 4.7062
 4.7276
 4.7295
 1.9413
 4.3030
 4.5557
 4.5968
 4.6581
 4.7344
 4.8024
 4.8482
 4.8707
 4.8724
 1.9208
 4.4449
 4.6844
 4.7269
 4.7909
 4.8714
 4.9427
 4.9910
 5.0141
 5.0150
 1.8978
 4.5872
 4.8136
 4.8557
 4.9238
 5.0087
 5.0836
 5.1337
 5.1576
 5.1596
 1.8714
 4.7325
 4.9444
 4.9859
 5.0573
 5.1459
 5.2243
 5.2767
 5.3019
 5.3039
 1.8421
 4.8779
 5.0746
 5.1162
 5.1909
 5.2829
 5.3655
 5.4209
 5.4465
 5.4484
 1.8098
 5.0255
 5.2048
 5.2463
 5.3244
 5.4214
 5.5070
 5.5644
 5.5911
 5.5936
 1.7755
 5.1745
 5.3358
 5.3769
 5.4578
 5.5588
 5.6488
 5.7084
 5.7370
 5.7383
 1.7371
 5.3258
 5.4681
 5.5074
 5.5919
 5.6975
 5.7907
 5.8527
 5.8821
 5.8846
 1.6967
 5.4771
 5.5993
 5.6383
 5.7259
 5.8364
 5.9326
 5.9978
 6.0279
 6.0305
 1.6534
 5.6300
 5.7318
 5.7692
 5.8603
 5.9745
 6.0758
 6.1433
 6.1742
 6.1768
 1.6070
 5.7848
 5.8639
 5.9006
 5.9945
 6.1134
 6.2186
 6.2887
 6.3214
 6.3237
 1.4480
 1.0146
 1.1530
 1.0930
 1.0400
 1.0119
 1.0002
 0.9992
 1.0029
 1.0112
 1.4948
 1.1136
 1.2677
 1.2139
 1.1649
 1.1406
 1.1315
 1.1312
 1.1362
 1.1431
 1.5390
 1.2133
 1.3829
 1.3353
 1.2912
 1.2695
 1.2633
 1.2641
 1.2689
 1.2760
 1.5819
 1.3147
 1.4987
 1.4569
 1.4172
 1.3993
 1.3951
 1.3971
 1.4025
 1.4096
 1.6230
 1.4170
 1.6159
 1.5790
 1.5433
 1.5286
 1.5273
 1.5306
 1.5362
 1.5424
 1.6615
 1.5210
 1.7323
 1.7016
 1.6697
 1.6588
 1.6596
 1.6650
 1.6697
 1.6760
 1.6985
 1.6267
 1.8495
 1.8241
 1.7971
 1.7891
 1.7925
 1.7985
 1.8048
 1.8111
 1.7327
 1.7333
 1.9677
 1.9477
 1.9248
 1.9200
 1.9255
 1.9335
 1.9395
 1.9450
 1.7656
 1.8420
 2.0864
 2.0713
 2.0522
 2.0516
 2.0592
 2.0678
 2.0753
 2.0797
 1.7964
 1.9510
 2.2057
 2.1951
 2.1797
 2.1825
 2.1933
 2.2030
 2.2110
 2.2146
 1.8246
 2.0623
 2.3248
 2.3191
 2.3086
 2.3140
 2.3270
 2.3388
 2.3462
 2.3499
 1.8504
 2.1750
 2.4451
 2.4429
 2.4370
 2.4459
 2.4616
 2.4744
 2.4824
 2.4863
 1.8738
 2.2888
 2.5665
 2.5679
 2.5654
 2.5785
 2.5963
 2.6109
 2.6194
 2.6224
 1.8960
 2.4037
 2.6870
 2.6934
 2.6944
 2.7108
 2.7314
 2.7472
 2.7566
 2.7593
 1.9151
 2.5209
 2.8086
 2.8185
 2.8243
 2.8436
 2.8662
 2.8836
 2.8937
 2.8961
 1.9321
 2.6389
 2.9312
 2.9444
 2.9541
 2.9759
 3.0020
 3.0213
 3.0314
 3.0334
 1.9466
 2.7594
 3.0535
 3.0699
 3.0831
 3.1100
 3.1379
 3.1585
 3.1696
 3.1717
 1.9590
 2.8801
 3.1767
 3.1964
 3.2132
 3.2438
 3.2736
 3.2959
 3.3078
 3.3093
 1.9693
 3.0030
 3.3007
 3.3224
 3.3433
 3.3765
 3.4100
 3.4344
 3.4459
 3.4478
 1.9767
 3.1274
 3.4251
 3.4498
 3.4737
 3.5110
 3.5472
 3.5722
 3.5859
 3.5868
 1.9815
 3.2537
 3.5493
 3.5763
 3.6044
 3.6447
 3.6838
 3.7110
 3.7246
 3.7263
 1.9842
 3.3814
 3.6739
 3.7035
 3.7347
 3.7793
 3.8213
 3.8501
 3.8646
 3.8663
 1.9841
 3.5101
 3.8002
 3.8310
 3.8661
 3.9140
 3.9588
 3.9897
 4.0045
 4.0054
 1.9818
 3.6406
 3.9258
 3.9586
 3.9969
 4.0490
 4.0968
 4.1292
 4.1449
 4.1455
 1.9767
 3.7726
 4.0521
 4.0868
 4.1292
 4.1837
 4.2341
 4.2692
 4.2855
 4.2864
 1.9687
 3.9063
 4.1795
 4.2145
 4.2603
 4.3191
 4.3728
 4.4091
 4.4268
 4.4273
 1.9582
 4.0423
 4.3062
 4.3433
 4.3915
 4.4550
 4.5117
 4.5503
 4.5679
 4.5690
 1.9446
 4.1786
 4.4338
 4.4714
 4.5236
 4.5900
 4.6505
 4.6907
 4.7098
 4.7107
 1.9291
 4.3175
 4.5619
 4.6002
 4.6564
 4.7265
 4.7894
 4.8320
 4.8518
 4.8532
 1.9107
 4.4573
 4.6901
 4.7297
 4.7885
 4.8628
 4.9296
 4.9742
 4.9944
 4.9951
 1.8892
 4.5989
 4.8194
 4.8581
 4.9207
 4.9996
 5.0691
 5.1161
 5.1369
 5.1383
 1.8655
 4.7412
 4.9485
 4.9878
 5.0536
 5.1361
 5.2093
 5.2574
 5.2811
 5.2814
 1.8386
 4.8863
 5.0784
 5.1173
 5.1864
 5.2730
 5.3496
 5.4011
 5.4244
 5.4249
 1.8091
 5.0318
 5.2084
 5.2477
 5.3199
 5.4106
 5.4906
 5.5437
 5.5685
 5.5693
 1.7774
 5.1788
 5.3382
 5.3777
 5.4528
 5.5472
 5.6314
 5.6868
 5.7129
 5.7137
 1.7432
 5.3279
 5.4693
 5.5076
 5.5866
 5.6853
 5.7726
 5.8311
 5.8579
 5.8584
 1.7056
 5.4778
 5.6008
 5.6381
 5.7203
 5.8234
 5.9142
 5.9746
 6.0030
 6.0040
 1.6655
 5.6299
 5.7328
 5.7685
 5.8542
 5.9612
 6.0564
 6.1193
 6.1487
 6.1493
 1.6223
 5.7827
 5.8649
 5.9001
 5.9880
 6.0998
 6.1987
 6.2642
 6.2943
 6.2955
 1.5762
 5.9373
 5.9970
 6.0310
 6.1227
 6.2381
 6.3411
 6.4093
 6.4413
 6.4417
 1.5120
 1.1709
 1.3027
 1.2431
 1.1886
 1.1581
 1.1449
 1.1415
 1.1440
 1.1501
 1.5527
 1.2699
 1.4159
 1.3638
 1.3130
 1.2865
 1.2755
 1.2735
 1.2762
 1.2822
 1.5921
 1.3699
 1.5303
 1.4836
 1.4384
 1.4154
 1.4068
 1.4057
 1.4083
 1.4140
 1.6295
 1.4712
 1.6455
 1.6039
 1.5632
 1.5439
 1.5381
 1.5384
 1.5412
 1.5461
 1.6651
 1.5733
 1.7612
 1.7250
 1.6886
 1.6730
 1.6689
 1.6710
 1.6748
 1.6788
 1.6995
 1.6778
 1.8775
 1.8467
 1.8146
 1.8016
 1.8008
 1.8037
 1.8083
 1.8120
 1.7310
 1.7825
 1.9945
 1.9688
 1.9409
 1.9319
 1.9329
 1.9378
 1.9420
 1.9460
 1.7610
 1.8901
 2.1120
 2.0910
 2.0678
 2.0616
 2.0651
 2.0707
 2.0764
 2.0798
 1.7893
 1.9972
 2.2292
 2.2147
 2.1947
 2.1921
 2.1983
 2.2058
 2.2107
 2.2136
 1.8152
 2.1067
 2.3484
 2.3373
 2.3219
 2.3227
 2.3308
 2.3398
 2.3456
 2.3478
 1.8390
 2.2183
 2.4662
 2.4606
 2.4494
 2.4536
 2.4646
 2.4747
 2.4805
 2.4831
 1.8615
 2.3296
 2.5866
 2.5846
 2.5774
 2.5849
 2.5981
 2.6100
 2.6170
 2.6183
 1.8813
 2.4433
 2.7068
 2.7088
 2.7051
 2.7160
 2.7322
 2.7450
 2.7528
 2.7546
 1.8991
 2.5589
 2.8275
 2.8331
 2.8334
 2.8483
 2.8664
 2.8813
 2.8886
 2.8902
 1.9150
 2.6757
 2.9489
 2.9574
 2.9623
 2.9794
 3.0011
 3.0173
 3.0260
 3.0269
 1.9287
 2.7944
 3.0706
 3.0825
 3.0904
 3.1126
 3.1359
 3.1535
 3.1626
 3.1638
 1.9403
 2.9136
 3.1927
 3.2082
 3.2198
 3.2451
 3.2711
 3.2903
 3.3007
 3.3014
 1.9497
 3.0344
 3.3154
 3.3335
 3.3488
 3.3769
 3.4068
 3.4275
 3.4378
 3.4388
 1.9575
 3.1575
 3.4388
 3.4597
 3.4784
 3.5103
 3.5425
 3.5650
 3.5763
 3.5763
 1.9620
 3.2816
 3.5627
 3.5858
 3.6079
 3.6443
 3.6788
 3.7024
 3.7144
 3.7143
 1.9644
 3.4072
 3.6870
 3.7117
 3.7386
 3.7774
 3.8145
 3.8408
 3.8532
 3.8532
 1.9652
 3.5352
 3.8117
 3.8395
 3.8686
 3.9112
 3.9515
 3.9795
 3.9929
 3.9925
 1.9636
 3.6638
 3.9369
 3.9662
 3.9990
 4.0455
 4.0885
 4.1184
 4.1319
 4.1320
 1.9593
 3.7940
 4.0620
 4.0934
 4.1292
 4.1801
 4.2263
 4.2573
 4.2718
 4.2712
 1.9523
 3.9258
 4.1882
 4.2205
 4.2606
 4.3140
 4.3633
 4.3964
 4.4115
 4.4119
 1.9436
 4.0599
 4.3144
 4.3481
 4.3921
 4.4487
 4.5013
 4.5357
 4.5525
 4.5522
 1.9323
 4.1950
 4.4420
 4.4756
 4.5231
 4.5845
 4.6392
 4.6765
 4.6933
 4.6927
 1.9184
 4.3317
 4.5688
 4.6040
 4.6550
 4.7198
 4.7781
 4.8167
 4.8344
 4.8339
 1.9015
 4.4696
 4.6965
 4.7328
 4.7870
 4.8546
 4.9162
 4.9575
 4.9758
 4.9759
 1.8826
 4.6095
 4.8250
 4.8613
 4.9188
 4.9909
 5.0552
 5.0986
 5.1180
 5.1176
 1.8613
 4.7505
 4.9529
 4.9901
 5.0510
 5.1271
 5.1947
 5.2399
 5.2607
 5.2601
 1.8367
 4.8936
 5.0822
 5.1194
 5.1830
 5.2628
 5.3345
 5.3818
 5.4037
 5.4027
 1.8103
 5.0382
 5.2125
 5.2491
 5.3158
 5.4003
 5.4745
 5.5238
 5.5466
 5.5463
 1.7817
 5.1839
 5.3423
 5.3787
 5.4483
 5.5368
 5.6146
 5.6665
 5.6900
 5.6898
 1.7498
 5.3310
 5.4722
 5.5087
 5.5821
 5.6738
 5.7557
 5.8096
 5.8343
 5.8336
 1.7154
 5.4795
 5.6036
 5.6388
 5.7146
 5.8114
 5.8965
 5.9528
 5.9780
 5.9779
 1.6789
 5.6291
 5.7347
 5.7688
 5.8482
 5.9487
 6.0374
 6.0965
 6.1231
 6.1233
 1.6396
 5.7814
 5.8659
 5.8995
 5.9824
 6.0868
 6.1787
 6.2399
 6.2685
 6.2680
 1.5978
 5.9343
 5.9979
 6.0300
 6.1161
 6.2250
 6.3203
 6.3846
 6.4139
 6.4139
 1.5524
 6.0886
 6.1307
 6.1616
 6.2498
 6.3634
 6.4634
 6.5297
 6.5598
 6.5595
 1.5725
 1.3270
 1.4502
 1.3918
 1.3375
 1.3049
 1.2901
 1.2841
 1.2849
 1.2889
 1.6082
 1.4258
 1.5630
 1.5112
 1.4603
 1.4323
 1.4190
 1.4152
 1.4164
 1.4202
 1.6418
 1.5257
 1.6779
 1.6308
 1.5845
 1.5600
 1.5493
 1.5471
 1.5474
 1.5517
 1.6742
 1.6263
 1.7916
 1.7505
 1.7084
 1.6875
 1.6794
 1.6786
 1.6797
 1.6834
 1.7051
 1.7289
 1.9066
 1.8714
 1.8337
 1.8160
 1.8101
 1.8107
 1.8129
 1.8149
 1.7344
 1.8326
 2.0219
 1.9925
 1.9598
 1.9442
 1.9416
 1.9437
 1.9456
 1.9476
 1.7613
 1.9380
 2.1387
 2.1134
 2.0847
 2.0739
 2.0728
 2.0754
 2.0790
 2.0809
 1.7872
 2.0437
 2.2545
 2.2352
 2.2104
 2.2023
 2.2043
 2.2091
 2.2125
 2.2143
 1.8107
 2.1518
 2.3726
 2.3564
 2.3366
 2.3323
 2.3368
 2.3421
 2.3462
 2.3474
 1.8327
 2.2614
 2.4903
 2.4794
 2.4634
 2.4617
 2.4689
 2.4765
 2.4806
 2.4813
 1.8526
 2.3717
 2.6092
 2.6020
 2.5897
 2.5927
 2.6019
 2.6103
 2.6153
 2.6156
 1.8708
 2.4845
 2.7282
 2.7253
 2.7166
 2.7224
 2.7351
 2.7457
 2.7500
 2.7502
 1.8870
 2.5977
 2.8475
 2.8489
 2.8433
 2.8532
 2.8678
 2.8796
 2.8856
 2.8855
 1.9014
 2.7131
 2.9679
 2.9729
 2.9719
 2.9850
 3.0016
 3.0151
 3.0215
 3.0216
 1.9140
 2.8294
 3.0885
 3.0965
 3.0997
 3.1158
 3.1352
 3.1504
 3.1577
 3.1574
 1.9247
 2.9473
 3.2094
 3.2213
 3.2279
 3.2478
 3.2697
 3.2862
 3.2936
 3.2942
 1.9330
 3.0669
 3.3313
 3.3458
 3.3563
 3.3791
 3.4045
 3.4223
 3.4305
 3.4299
 1.9399
 3.1879
 3.4538
 3.4711
 3.4849
 3.5115
 3.5395
 3.5589
 3.5674
 3.5673
 1.9450
 3.3104
 3.5766
 3.5962
 3.6138
 3.6438
 3.6749
 3.6954
 3.7054
 3.7043
 1.9476
 3.4344
 3.6995
 3.7218
 3.7427
 3.7771
 3.8099
 3.8329
 3.8431
 3.8419
 1.9484
 3.5606
 3.8241
 3.8477
 3.8724
 3.9102
 3.9456
 3.9699
 3.9811
 3.9805
 1.9470
 3.6870
 3.9483
 3.9742
 4.0028
 4.0430
 4.0815
 4.1081
 4.1205
 4.1187
 1.9437
 3.8160
 4.0727
 4.1002
 4.1330
 4.1769
 4.2185
 4.2461
 4.2592
 4.2578
 1.9379
 3.9462
 4.1980
 4.2271
 4.2630
 4.3103
 4.3551
 4.3851
 4.3986
 4.3966
 1.9302
 4.0779
 4.3238
 4.3542
 4.3923
 4.4441
 4.4920
 4.5236
 4.5380
 4.5367
 1.9203
 4.2119
 4.4496
 4.4816
 4.5238
 4.5790
 4.6294
 4.6628
 4.6770
 4.6761
 1.9080
 4.3467
 4.5764
 4.6092
 4.6543
 4.7135
 4.7661
 4.8025
 4.8179
 4.8164
 1.8938
 4.4833
 4.7035
 4.7371
 4.7862
 4.8484
 4.9047
 4.9425
 4.9588
 4.9573
 1.8768
 4.6212
 4.8310
 4.8653
 4.9168
 4.9836
 5.0427
 5.0825
 5.1000
 5.0980
 1.8574
 4.7609
 4.9591
 4.9935
 5.0486
 5.1192
 5.1818
 5.2230
 5.2421
 5.2393
 1.8366
 4.9021
 5.0880
 5.1220
 5.1807
 5.2548
 5.3204
 5.3641
 5.3833
 5.3822
 1.8130
 5.0444
 5.2166
 5.2507
 5.3125
 5.3906
 5.4596
 5.5054
 5.5259
 5.5241
 1.7865
 5.1886
 5.3457
 5.3795
 5.4443
 5.5265
 5.5995
 5.6472
 5.6684
 5.6671
 1.7581
 5.3344
 5.4756
 5.5091
 5.5771
 5.6629
 5.7389
 5.7886
 5.8108
 5.8097
 1.7274
 5.4814
 5.6058
 5.6391
 5.7094
 5.7999
 5.8791
 5.9320
 5.9549
 5.9537
 1.6942
 5.6297
 5.7362
 5.7696
 5.8429
 5.9363
 6.0198
 6.0740
 6.0982
 6.0971
 1.6588
 5.7800
 5.8670
 5.8991
 5.9757
 6.0740
 6.1600
 6.2175
 6.2428
 6.2419
 1.6205
 5.9315
 5.9985
 6.0297
 6.1104
 6.2117
 6.3017
 6.3613
 6.3876
 6.3864
 1.5794
 6.0837
 6.1307
 6.1606
 6.2434
 6.3495
 6.4429
 6.5049
 6.5323
 6.5314
 1.5363
 6.2384
 6.2632
 6.2919
 6.3779
 6.4879
 6.5850
 6.6495
 6.6777
 6.6769
[ torch.cuda.FloatTensor{4000,1} ]
Error occurs, No graph saved
