gpu num is: 6
model original data nums:10571
train 100 steps, train loss: 13.925280570983887
add 93 points, now there are 10664 points
add 96 points, now there are 10853 points
add 95 points, now there are 11044 points
add 96 points, now there are 11235 points
add 95 points, now there are 11426 points
add 96 points, now there are 11617 points
add 96 points, now there are 11809 points
add 96 points, now there are 12001 points
add 95 points, now there are 12192 points
add 90 points, now there are 12377 points
add 95 points, now there are 12562 points
train 200 steps, train loss: 36.37879943847656
add 90 points, now there are 12747 points
add 95 points, now there are 12932 points
add 77 points, now there are 13104 points
add 77 points, now there are 13258 points
add 88 points, now there are 13423 points
add 94 points, now there are 13605 points
add 83 points, now there are 13782 points
add 92 points, now there are 13957 points
add 86 points, now there are 14135 points
add 87 points, now there are 14308 points
add 93 points, now there are 14488 points
train 300 steps, train loss: 28.237075805664062
add 95 points, now there are 14676 points
add 86 points, now there are 14857 points
add 59 points, now there are 15002 points
add 79 points, now there are 15140 points
add 79 points, now there are 15298 points
add 91 points, now there are 15468 points
add 93 points, now there are 15652 points
add 90 points, now there are 15835 points
add 90 points, now there are 16015 points
add 89 points, now there are 16194 points
add 91 points, now there are 16374 points
train 400 steps, train loss: 26.150026321411133
add 94 points, now there are 16559 points
add 76 points, now there are 16729 points
add 84 points, now there are 16889 points
add 79 points, now there are 17052 points
add 91 points, now there are 17222 points
add 85 points, now there are 17398 points
add 95 points, now there are 17578 points
add 83 points, now there are 17756 points
add 90 points, now there are 17929 points
add 89 points, now there are 18108 points
add 85 points, now there are 18282 points
train 500 steps, train loss: 25.501190185546875
add 91 points, now there are 18458 points
add 83 points, now there are 18632 points
add 62 points, now there are 18777 points
add 85 points, now there are 18924 points
add 90 points, now there are 19099 points
add 90 points, now there are 19279 points
add 91 points, now there are 19460 points
add 88 points, now there are 19639 points
add 81 points, now there are 19808 points
add 89 points, now there are 19978 points
add 85 points, now there are 20152 points
train 600 steps, train loss: 25.240154266357422
add 89 points, now there are 20326 points
add 80 points, now there are 20495 points
add 85 points, now there are 20660 points
add 90 points, now there are 20835 points
add 88 points, now there are 21013 points
add 90 points, now there are 21191 points
add 88 points, now there are 21369 points
add 87 points, now there are 21544 points
add 91 points, now there are 21722 points
add 87 points, now there are 21900 points
add 87 points, now there are 22074 points
train 700 steps, train loss: 25.076984405517578
add 92 points, now there are 22253 points
add 90 points, now there are 22435 points
add 83 points, now there are 22608 points
add 89 points, now there are 22780 points
add 88 points, now there are 22957 points
add 86 points, now there are 23131 points
add 91 points, now there are 23308 points
add 91 points, now there are 23490 points
add 87 points, now there are 23668 points
add 91 points, now there are 23846 points
add 88 points, now there are 24025 points
train 800 steps, train loss: 24.949180603027344
add 93 points, now there are 24206 points
add 90 points, now there are 24389 points
add 89 points, now there are 24568 points
add 91 points, now there are 24748 points
add 95 points, now there are 24934 points
add 87 points, now there are 25116 points
add 87 points, now there are 25290 points
add 88 points, now there are 25465 points
add 90 points, now there are 25643 points
add 87 points, now there are 25820 points
add 91 points, now there are 25998 points
train 900 steps, train loss: 24.849510192871094
add 93 points, now there are 26182 points
add 88 points, now there are 26363 points
add 90 points, now there are 26541 points
add 87 points, now there are 26718 points
add 93 points, now there are 26898 points
add 85 points, now there are 27076 points
add 88 points, now there are 27249 points
add 94 points, now there are 27431 points
add 93 points, now there are 27618 points
add 92 points, now there are 27803 points
add 86 points, now there are 27981 points
train 1000 steps, train loss: 24.755470275878906
add 92 points, now there are 28159 points
add 93 points, now there are 28344 points
add 86 points, now there are 28523 points
add 88 points, now there are 28697 points
add 95 points, now there are 28880 points
add 88 points, now there are 29063 points
add 91 points, now there are 29242 points
add 95 points, now there are 29428 points
add 94 points, now there are 29617 points
add 91 points, now there are 29802 points
add 89 points, now there are 29982 points
train 1100 steps, train loss: 24.670427322387695
add 91 points, now there are 30162 points
add 88 points, now there are 30341 points
add 89 points, now there are 30518 points
add 90 points, now there are 30697 points
add 96 points, now there are 30883 points
add 88 points, now there are 31067 points
add 90 points, now there are 31245 points
add 94 points, now there are 31429 points
add 92 points, now there are 31615 points
add 93 points, now there are 31800 points
add 90 points, now there are 31983 points
train 1200 steps, train loss: 24.58928680419922
add 89 points, now there are 32162 points
add 92 points, now there are 32343 points
add 85 points, now there are 32520 points
add 91 points, now there are 32696 points
add 95 points, now there are 32882 points
add 87 points, now there are 33064 points
add 93 points, now there are 33244 points
add 92 points, now there are 33429 points
add 94 points, now there are 33615 points
add 93 points, now there are 33802 points
add 89 points, now there are 33984 points
train 1300 steps, train loss: 24.50432777404785
add 91 points, now there are 34164 points
add 91 points, now there are 34346 points
add 87 points, now there are 34524 points
add 82 points, now there are 34693 points
add 91 points, now there are 34866 points
add 88 points, now there are 35045 points
add 92 points, now there are 35225 points
add 94 points, now there are 35411 points
add 93 points, now there are 35598 points
add 90 points, now there are 35781 points
add 88 points, now there are 35959 points
train 1400 steps, train loss: 24.421594619750977
add 87 points, now there are 36134 points
add 89 points, now there are 36310 points
add 85 points, now there are 36484 points
add 90 points, now there are 36659 points
add 95 points, now there are 36844 points
add 88 points, now there are 37027 points
add 92 points, now there are 37207 points
add 96 points, now there are 37395 points
add 93 points, now there are 37584 points
add 88 points, now there are 37765 points
add 89 points, now there are 37942 points
train 1500 steps, train loss: 24.335317611694336
add 94 points, now there are 38125 points
add 82 points, now there are 38301 points
add 89 points, now there are 38472 points
add 82 points, now there are 38643 points
add 92 points, now there are 38817 points
add 89 points, now there are 38998 points
add 94 points, now there are 39181 points
add 90 points, now there are 39365 points
add 92 points, now there are 39547 points
add 91 points, now there are 39730 points
add 95 points, now there are 39916 points
train 1600 steps, train loss: 24.255197525024414
add 93 points, now there are 40104 points
add 84 points, now there are 40281 points
add 84 points, now there are 40449 points
add 88 points, now there are 40621 points
add 93 points, now there are 40802 points
add 89 points, now there are 40984 points
add 87 points, now there are 41160 points
add 94 points, now there are 41341 points
add 95 points, now there are 41530 points
add 94 points, now there are 41719 points
add 91 points, now there are 41904 points
train 1700 steps, train loss: 24.18018341064453
add 91 points, now there are 42086 points
add 85 points, now there are 42262 points
add 82 points, now there are 42429 points
add 82 points, now there are 42593 points
add 93 points, now there are 42768 points
add 93 points, now there are 42954 points
add 91 points, now there are 43138 points
add 91 points, now there are 43320 points
add 94 points, now there are 43505 points
add 93 points, now there are 43692 points
add 91 points, now there are 43876 points
train 1800 steps, train loss: 24.107738494873047
add 94 points, now there are 44061 points
add 86 points, now there are 44241 points
add 92 points, now there are 44419 points
add 81 points, now there are 44592 points
add 93 points, now there are 44766 points
add 88 points, now there are 44947 points
add 91 points, now there are 45126 points
add 92 points, now there are 45309 points
add 92 points, now there are 45493 points
add 90 points, now there are 45675 points
add 94 points, now there are 45859 points
train 1900 steps, train loss: 24.029420852661133
add 94 points, now there are 46047 points
add 90 points, now there are 46231 points
add 84 points, now there are 46405 points
add 86 points, now there are 46575 points
add 91 points, now there are 46752 points
add 93 points, now there are 46936 points
add 91 points, now there are 47120 points
add 91 points, now there are 47302 points
add 94 points, now there are 47487 points
add 95 points, now there are 47676 points
add 94 points, now there are 47865 points
train 2000 steps, train loss: 23.951574325561523
add 88 points, now there are 48047 points
add 82 points, now there are 48217 points
add 87 points, now there are 48386 points
add 77 points, now there are 48550 points
add 86 points, now there are 48713 points
add 91 points, now there are 48890 points
add 91 points, now there are 49072 points
add 96 points, now there are 49259 points
add 95 points, now there are 49450 points
add 92 points, now there are 49637 points
add 91 points, now there are 49820 points
train 2100 steps, train loss: 23.874250411987305
add 85 points, now there are 49996 points
add 89 points, now there are 50170 points
add 73 points, now there are 50332 points
add 88 points, now there are 50493 points
add 89 points, now there are 50670 points
add 94 points, now there are 50853 points
add 91 points, now there are 51038 points
add 92 points, now there are 51221 points
add 91 points, now there are 51404 points
add 93 points, now there are 51588 points
add 95 points, now there are 51776 points
train 2200 steps, train loss: 23.80154037475586
add 90 points, now there are 51961 points
add 85 points, now there are 52136 points
add 77 points, now there are 52298 points
add 90 points, now there are 52465 points
add 87 points, now there are 52642 points
add 93 points, now there are 52822 points
add 91 points, now there are 53006 points
add 92 points, now there are 53189 points
add 93 points, now there are 53374 points
add 89 points, now there are 53556 points
add 92 points, now there are 53737 points
train 2300 steps, train loss: 23.72988510131836
add 95 points, now there are 53924 points
add 87 points, now there are 54106 points
add 79 points, now there are 54272 points
add 92 points, now there are 54443 points
add 93 points, now there are 54628 points
add 90 points, now there are 54811 points
add 93 points, now there are 54994 points
add 95 points, now there are 55182 points
add 91 points, now there are 55368 points
add 92 points, now there are 55551 points
add 94 points, now there are 55737 points
train 2400 steps, train loss: 23.656827926635742
add 93 points, now there are 55924 points
add 83 points, now there are 56100 points
add 76 points, now there are 56259 points
add 91 points, now there are 56426 points
add 89 points, now there are 56606 points
add 94 points, now there are 56789 points
add 90 points, now there are 56973 points
add 93 points, now there are 57156 points
add 96 points, now there are 57345 points
add 92 points, now there are 57533 points
add 94 points, now there are 57719 points
train 2500 steps, train loss: 23.582088470458984
add 94 points, now there are 57907 points
add 86 points, now there are 58087 points
add 75 points, now there are 58248 points
add 88 points, now there are 58411 points
add 92 points, now there are 58591 points
add 95 points, now there are 58778 points
add 93 points, now there are 58966 points
add 94 points, now there are 59153 points
add 93 points, now there are 59340 points
add 92 points, now there are 59525 points
add 95 points, now there are 59712 points
train 2600 steps, train loss: 23.505393981933594
add 92 points, now there are 59899 points
add 83 points, now there are 60074 points
add 72 points, now there are 60229 points
add 94 points, now there are 60395 points
add 95 points, now there are 60584 points
add 95 points, now there are 60774 points
add 93 points, now there are 60962 points
add 95 points, now there are 61150 points
add 95 points, now there are 61340 points
add 94 points, now there are 61529 points
add 94 points, now there are 61717 points
train 2700 steps, train loss: 23.426673889160156
add 94 points, now there are 61905 points
add 81 points, now there are 62080 points
add 65 points, now there are 62226 points
add 86 points, now there are 62377 points
add 95 points, now there are 62558 points
add 96 points, now there are 62749 points
add 96 points, now there are 62941 points
add 96 points, now there are 63133 points
add 93 points, now there are 63322 points
add 90 points, now there are 63505 points
add 95 points, now there are 63690 points
train 2800 steps, train loss: 23.34678077697754
add 95 points, now there are 63880 points
add 75 points, now there are 64050 points
add 83 points, now there are 64208 points
add 92 points, now there are 64383 points
add 95 points, now there are 64570 points
add 94 points, now there are 64759 points
add 95 points, now there are 64948 points
add 96 points, now there are 65139 points
add 92 points, now there are 65327 points
add 94 points, now there are 65513 points
add 95 points, now there are 65702 points
train 2900 steps, train loss: 23.265138626098633
add 94 points, now there are 65891 points
add 79 points, now there are 66064 points
add 68 points, now there are 66211 points
add 86 points, now there are 66365 points
add 94 points, now there are 66545 points
add 95 points, now there are 66734 points
add 93 points, now there are 66922 points
add 91 points, now there are 67106 points
add 91 points, now there are 67288 points
add 93 points, now there are 67472 points
add 95 points, now there are 67660 points
train 3000 steps, train loss: 23.18179702758789
add 95 points, now there are 67850 points
add 85 points, now there are 68030 points
add 64 points, now there are 68179 points
add 86 points, now there are 68329 points
add 96 points, now there are 68511 points
add 94 points, now there are 68701 points
add 94 points, now there are 68889 points
add 94 points, now there are 69077 points
add 93 points, now there are 69264 points
add 91 points, now there are 69448 points
add 95 points, now there are 69634 points
train 3100 steps, train loss: 23.09644889831543
add 93 points, now there are 69822 points
add 81 points, now there are 69996 points
add 75 points, now there are 70152 points
add 73 points, now there are 70300 points
add 94 points, now there are 70467 points
add 95 points, now there are 70656 points
add 93 points, now there are 70844 points
add 92 points, now there are 71029 points
add 91 points, now there are 71212 points
add 89 points, now there are 71392 points
add 95 points, now there are 71576 points
train 3200 steps, train loss: 23.006452560424805
add 96 points, now there are 71767 points
add 80 points, now there are 71943 points
add 80 points, now there are 72103 points
add 82 points, now there are 72265 points
add 96 points, now there are 72443 points
add 94 points, now there are 72633 points
add 94 points, now there are 72821 points
add 95 points, now there are 73010 points
add 92 points, now there are 73197 points
add 90 points, now there are 73379 points
add 92 points, now there are 73561 points
train 3300 steps, train loss: 22.91437530517578
add 94 points, now there are 73747 points
add 85 points, now there are 73926 points
add 81 points, now there are 74092 points
add 80 points, now there are 74253 points
add 95 points, now there are 74428 points
add 94 points, now there are 74617 points
add 94 points, now there are 74805 points
add 95 points, now there are 74994 points
add 88 points, now there are 75177 points
add 92 points, now there are 75357 points
add 94 points, now there are 75543 points
train 3400 steps, train loss: 22.821001052856445
add 94 points, now there are 75731 points
add 85 points, now there are 75910 points
add 80 points, now there are 76075 points
add 77 points, now there are 76232 points
add 95 points, now there are 76404 points
add 95 points, now there are 76594 points
add 91 points, now there are 76780 points
add 95 points, now there are 76966 points
add 92 points, now there are 77153 points
add 93 points, now there are 77338 points
add 93 points, now there are 77524 points
train 3500 steps, train loss: 22.725936889648438
add 94 points, now there are 77711 points
add 89 points, now there are 77894 points
add 80 points, now there are 78063 points
add 83 points, now there are 78226 points
add 92 points, now there are 78401 points
add 95 points, now there are 78588 points
add 93 points, now there are 78776 points
add 93 points, now there are 78962 points
add 93 points, now there are 79148 points
add 94 points, now there are 79335 points
add 94 points, now there are 79523 points
train 3600 steps, train loss: 22.626657485961914
add 95 points, now there are 79712 points
add 80 points, now there are 79887 points
add 76 points, now there are 80043 points
add 93 points, now there are 80212 points
add 93 points, now there are 80398 points
add 96 points, now there are 80587 points
add 92 points, now there are 80775 points
add 90 points, now there are 80957 points
add 93 points, now there are 81140 points
add 89 points, now there are 81322 points
add 95 points, now there are 81506 points
train 3700 steps, train loss: 22.523574829101562
add 86 points, now there are 81687 points
add 80 points, now there are 81853 points
add 79 points, now there are 82012 points
add 85 points, now there are 82176 points
add 92 points, now there are 82353 points
add 95 points, now there are 82540 points
add 91 points, now there are 82726 points
add 90 points, now there are 82907 points
add 93 points, now there are 83090 points
add 94 points, now there are 83277 points
add 96 points, now there are 83467 points
train 3800 steps, train loss: 22.418094635009766
add 95 points, now there are 83658 points
add 86 points, now there are 83839 points
add 86 points, now there are 84011 points
add 83 points, now there are 84180 points
add 93 points, now there are 84356 points
add 91 points, now there are 84540 points
add 94 points, now there are 84725 points
add 89 points, now there are 84908 points
add 92 points, now there are 85089 points
add 94 points, now there are 85275 points
add 86 points, now there are 85455 points
train 3900 steps, train loss: 22.307283401489258
add 96 points, now there are 85637 points
add 91 points, now there are 85824 points
add 86 points, now there are 86001 points
add 82 points, now there are 86169 points
add 92 points, now there are 86343 points
add 92 points, now there are 86527 points
add 92 points, now there are 86711 points
add 95 points, now there are 86898 points
add 93 points, now there are 87086 points
add 92 points, now there are 87271 points
add 91 points, now there are 87454 points
train 4000 steps, train loss: 22.192062377929688
add 94 points, now there are 87639 points
add 89 points, now there are 87822 points
add 86 points, now there are 87997 points
add 88 points, now there are 88171 points
add 94 points, now there are 88353 points
add 95 points, now there are 88542 points
add 90 points, now there are 88727 points
add 92 points, now there are 88909 points
add 87 points, now there are 89088 points
add 94 points, now there are 89269 points
add 96 points, now there are 89459 points
train 4100 steps, train loss: 22.073740005493164
add 94 points, now there are 89649 points
add 90 points, now there are 89833 points
add 86 points, now there are 90009 points
add 76 points, now there are 90171 points
add 91 points, now there are 90338 points
add 89 points, now there are 90518 points
add 90 points, now there are 90697 points
add 94 points, now there are 90881 points
add 87 points, now there are 91062 points
add 92 points, now there are 91241 points
add 93 points, now there are 91426 points
train 4200 steps, train loss: 21.953367233276367
add 96 points, now there are 91615 points
add 91 points, now there are 91802 points
add 87 points, now there are 91980 points
add 85 points, now there are 92152 points
add 93 points, now there are 92330 points
add 92 points, now there are 92515 points
add 87 points, now there are 92694 points
add 94 points, now there are 92875 points
add 92 points, now there are 93061 points
add 95 points, now there are 93248 points
add 94 points, now there are 93437 points
train 4300 steps, train loss: 21.830684661865234
add 94 points, now there are 93625 points
add 86 points, now there are 93805 points
add 92 points, now there are 93983 points
add 92 points, now there are 94167 points
add 88 points, now there are 94347 points
add 91 points, now there are 94526 points
add 93 points, now there are 94710 points
add 92 points, now there are 94895 points
add 92 points, now there are 95079 points
add 96 points, now there are 95267 points
add 95 points, now there are 95458 points
train 4400 steps, train loss: 21.7084903717041
add 94 points, now there are 95647 points
add 83 points, now there are 95824 points
add 85 points, now there are 95992 points
add 88 points, now there are 96165 points
add 91 points, now there are 96344 points
add 92 points, now there are 96527 points
add 90 points, now there are 96709 points
add 93 points, now there are 96892 points
add 94 points, now there are 97079 points
add 94 points, now there are 97267 points
add 93 points, now there are 97454 points
train 4500 steps, train loss: 21.58511734008789
add 93 points, now there are 97640 points
add 93 points, now there are 97826 points
add 86 points, now there are 98005 points
add 91 points, now there are 98182 points
add 91 points, now there are 98364 points
add 93 points, now there are 98548 points
add 88 points, now there are 98729 points
add 94 points, now there are 98911 points
add 95 points, now there are 99100 points
add 93 points, now there are 99288 points
add 95 points, now there are 99476 points
train 4600 steps, train loss: 21.465606689453125
add 92 points, now there are 99663 points
add 86 points, now there are 99841 points
add 80 points, now there are 100007 points
add 85 points, now there are 100172 points
add 81 points, now there are 100338 points
add 91 points, now there are 100510 points
add 92 points, now there are 100693 points
add 96 points, now there are 100881 points
add 94 points, now there are 101071 points
add 95 points, now there are 101260 points
add 93 points, now there are 101448 points
train 4700 steps, train loss: 21.350994110107422
add 95 points, now there are 101636 points
add 93 points, now there are 101824 points
add 80 points, now there are 101997 points
add 89 points, now there are 102166 points
add 87 points, now there are 102342 points
add 89 points, now there are 102518 points
add 95 points, now there are 102702 points
add 93 points, now there are 102890 points
add 91 points, now there are 103074 points
add 91 points, now there are 103256 points
add 95 points, now there are 103442 points
train 4800 steps, train loss: 21.240638732910156
add 94 points, now there are 103631 points
add 89 points, now there are 103814 points
add 77 points, now there are 103980 points
add 88 points, now there are 104145 points
add 85 points, now there are 104318 points
add 88 points, now there are 104491 points
add 88 points, now there are 104667 points
add 91 points, now there are 104846 points
add 88 points, now there are 105025 points
add 94 points, now there are 105207 points
add 93 points, now there are 105394 points
train 4900 steps, train loss: 21.13407325744629
add 89 points, now there are 105576 points
add 84 points, now there are 105749 points
add 80 points, now there are 105913 points
add 88 points, now there are 106081 points
add 85 points, now there are 106254 points
add 94 points, now there are 106433 points
add 93 points, now there are 106620 points
add 91 points, now there are 106804 points
add 93 points, now there are 106988 points
add 95 points, now there are 107176 points
add 93 points, now there are 107364 points
train 5000 steps, train loss: 21.027618408203125
add 87 points, now there are 107544 points
add 85 points, now there are 107716 points
add 83 points, now there are 107884 points
add 93 points, now there are 108060 points
add 87 points, now there are 108240 points
add 88 points, now there are 108415 points
add 95 points, now there are 108598 points
add 91 points, now there are 108784 points
add 95 points, now there are 108970 points
add 94 points, now there are 109159 points
add 92 points, now there are 109345 points
train 5100 steps, train loss: 20.92179298400879
add 92 points, now there are 109529 points
add 84 points, now there are 109705 points
add 71 points, now there are 109860 points
add 90 points, now there are 110021 points
add 89 points, now there are 110200 points
add 80 points, now there are 110369 points
add 92 points, now there are 110541 points
add 92 points, now there are 110725 points
add 94 points, now there are 110911 points
add 93 points, now there are 111098 points
add 92 points, now there are 111283 points
train 5200 steps, train loss: 20.815786361694336
add 89 points, now there are 111464 points
add 88 points, now there are 111641 points
add 72 points, now there are 111801 points
add 89 points, now there are 111962 points
add 92 points, now there are 112143 points
add 89 points, now there are 112324 points
add 93 points, now there are 112506 points
add 93 points, now there are 112692 points
add 94 points, now there are 112879 points
add 93 points, now there are 113066 points
add 94 points, now there are 113253 points
train 5300 steps, train loss: 20.70808982849121
add 88 points, now there are 113435 points
add 87 points, now there are 113610 points
add 72 points, now there are 113769 points
add 88 points, now there are 113929 points
add 92 points, now there are 114109 points
add 83 points, now there are 114284 points
add 87 points, now there are 114454 points
add 89 points, now there are 114630 points
add 93 points, now there are 114812 points
add 87 points, now there are 114992 points
add 90 points, now there are 115169 points
train 5400 steps, train loss: 20.596162796020508
add 88 points, now there are 115347 points
add 86 points, now there are 115521 points
add 62 points, now there are 115669 points
add 91 points, now there are 115822 points
add 93 points, now there are 116006 points
add 91 points, now there are 116190 points
add 93 points, now there are 116374 points
add 95 points, now there are 116562 points
add 95 points, now there are 116752 points
add 92 points, now there are 116939 points
add 94 points, now there are 117125 points
train 5500 steps, train loss: 20.48129653930664
add 87 points, now there are 117306 points
add 82 points, now there are 117475 points
add 69 points, now there are 117626 points
add 95 points, now there are 117790 points
add 93 points, now there are 117978 points
add 88 points, now there are 118159 points
add 94 points, now there are 118341 points
add 92 points, now there are 118527 points
add 94 points, now there are 118713 points
add 92 points, now there are 118899 points
add 90 points, now there are 119081 points
train 5600 steps, train loss: 20.36060333251953
add 91 points, now there are 119262 points
add 87 points, now there are 119440 points
add 61 points, now there are 119588 points
add 86 points, now there are 119735 points
add 92 points, now there are 119913 points
add 79 points, now there are 120084 points
add 90 points, now there are 120253 points
add 94 points, now there are 120437 points
add 94 points, now there are 120625 points
add 93 points, now there are 120812 points
add 96 points, now there are 121001 points
train 5700 steps, train loss: 20.233978271484375
add 92 points, now there are 121189 points
add 84 points, now there are 121365 points
add 69 points, now there are 121518 points
add 89 points, now there are 121676 points
add 94 points, now there are 121859 points
add 83 points, now there are 122036 points
add 90 points, now there are 122209 points
add 90 points, now there are 122389 points
add 94 points, now there are 122573 points
add 92 points, now there are 122759 points
add 96 points, now there are 122947 points
train 5800 steps, train loss: 20.103164672851562
add 89 points, now there are 123132 points
add 86 points, now there are 123307 points
add 77 points, now there are 123470 points
add 87 points, now there are 123634 points
add 92 points, now there are 123813 points
add 87 points, now there are 123992 points
add 94 points, now there are 124173 points
add 95 points, now there are 124362 points
add 92 points, now there are 124549 points
add 92 points, now there are 124733 points
add 94 points, now there are 124919 points
train 5900 steps, train loss: 19.966426849365234
add 87 points, now there are 125100 points
add 90 points, now there are 125277 points
add 77 points, now there are 125444 points
add 88 points, now there are 125609 points
add 92 points, now there are 125789 points
add 86 points, now there are 125967 points
add 89 points, now there are 126142 points
add 95 points, now there are 126326 points
add 91 points, now there are 126512 points
add 94 points, now there are 126697 points
add 92 points, now there are 126883 points
train 6000 steps, train loss: 19.823230743408203
add 88 points, now there are 127063 points
add 91 points, now there are 127242 points
add 69 points, now there are 127402 points
add 85 points, now there are 127556 points
add 93 points, now there are 127734 points
add 89 points, now there are 127916 points
add 93 points, now there are 128098 points
add 94 points, now there are 128285 points
add 91 points, now there are 128470 points
add 93 points, now there are 128654 points
add 94 points, now there are 128841 points
train 6100 steps, train loss: 19.6739501953125
add 93 points, now there are 129028 points
add 81 points, now there are 129202 points
add 76 points, now there are 129359 points
add 88 points, now there are 129523 points
add 93 points, now there are 129704 points
add 90 points, now there are 129887 points
add 95 points, now there are 130072 points
add 94 points, now there are 130261 points
add 92 points, now there are 130447 points
add 91 points, now there are 130630 points
add 92 points, now there are 130813 points
train 6200 steps, train loss: 19.51888084411621
add 91 points, now there are 130996 points
add 84 points, now there are 131171 points
add 78 points, now there are 131333 points
add 89 points, now there are 131500 points
add 95 points, now there are 131684 points
add 90 points, now there are 131869 points
add 92 points, now there are 132051 points
add 95 points, now there are 132238 points
add 92 points, now there are 132425 points
add 95 points, now there are 132612 points
add 89 points, now there are 132796 points
train 6300 steps, train loss: 19.360288619995117
add 91 points, now there are 132976 points
add 93 points, now there are 133160 points
add 80 points, now there are 133333 points
add 89 points, now there are 133502 points
add 93 points, now there are 133684 points
add 88 points, now there are 133865 points
add 91 points, now there are 134044 points
add 90 points, now there are 134225 points
add 90 points, now there are 134405 points
add 93 points, now there are 134588 points
add 93 points, now there are 134774 points
train 6400 steps, train loss: 19.19984245300293
add 91 points, now there are 134958 points
add 89 points, now there are 135138 points
add 73 points, now there are 135300 points
add 89 points, now there are 135462 points
add 95 points, now there are 135646 points
add 91 points, now there are 135832 points
add 93 points, now there are 136016 points
add 95 points, now there are 136204 points
add 91 points, now there are 136390 points
add 93 points, now there are 136574 points
add 95 points, now there are 136762 points
train 6500 steps, train loss: 19.03708839416504
add 90 points, now there are 136947 points
add 84 points, now there are 137121 points
add 88 points, now there are 137293 points
add 86 points, now there are 137467 points
add 94 points, now there are 137647 points
add 94 points, now there are 137835 points
add 92 points, now there are 138021 points
add 92 points, now there are 138205 points
add 90 points, now there are 138387 points
add 92 points, now there are 138569 points
add 90 points, now there are 138751 points
train 6600 steps, train loss: 18.874197006225586
add 94 points, now there are 138935 points
add 86 points, now there are 139115 points
add 81 points, now there are 139282 points
add 88 points, now there are 139451 points
add 92 points, now there are 139631 points
add 89 points, now there are 139812 points
add 88 points, now there are 139989 points
add 93 points, now there are 140170 points
add 93 points, now there are 140356 points
add 93 points, now there are 140542 points
add 90 points, now there are 140725 points
train 6700 steps, train loss: 18.71041488647461
add 94 points, now there are 140909 points
add 84 points, now there are 141087 points
add 78 points, now there are 141249 points
add 85 points, now there are 141412 points
add 93 points, now there are 141590 points
add 92 points, now there are 141775 points
add 96 points, now there are 141963 points
add 94 points, now there are 142153 points
add 91 points, now there are 142338 points
add 96 points, now there are 142525 points
add 94 points, now there are 142715 points
train 6800 steps, train loss: 18.548309326171875
add 90 points, now there are 142899 points
add 85 points, now there are 143074 points
add 74 points, now there are 143233 points
add 83 points, now there are 143390 points
add 92 points, now there are 143565 points
add 90 points, now there are 143747 points
add 96 points, now there are 143933 points
add 92 points, now there are 144121 points
add 91 points, now there are 144304 points
add 93 points, now there are 144488 points
add 96 points, now there are 144677 points
train 6900 steps, train loss: 18.38711929321289
add 86 points, now there are 144859 points
add 81 points, now there are 145026 points
add 71 points, now there are 145178 points
add 95 points, now there are 145344 points
add 93 points, now there are 145532 points
add 94 points, now there are 145719 points
add 94 points, now there are 145907 points
add 90 points, now there are 146091 points
add 89 points, now there are 146270 points
add 91 points, now there are 146450 points
add 90 points, now there are 146631 points
train 7000 steps, train loss: 18.2288818359375
add 90 points, now there are 146811 points
add 83 points, now there are 146984 points
add 78 points, now there are 147145 points
add 81 points, now there are 147304 points
add 84 points, now there are 147469 points
add 92 points, now there are 147645 points
add 96 points, now there are 147833 points
add 89 points, now there are 148018 points
add 91 points, now there are 148198 points
add 88 points, now there are 148377 points
add 89 points, now there are 148554 points
train 7100 steps, train loss: 18.071788787841797
add 86 points, now there are 148729 points
add 77 points, now there are 148892 points
add 74 points, now there are 149043 points
add 92 points, now there are 149209 points
add 92 points, now there are 149393 points
add 91 points, now there are 149576 points
add 95 points, now there are 149762 points
add 89 points, now there are 149946 points
add 87 points, now there are 150122 points
add 95 points, now there are 150304 points
add 90 points, now there are 150489 points
train 7200 steps, train loss: 17.91837501525879
add 79 points, now there are 150658 points
add 79 points, now there are 150816 points
add 82 points, now there are 150977 points
add 91 points, now there are 151150 points
add 93 points, now there are 151334 points
add 92 points, now there are 151519 points
add 95 points, now there are 151706 points
add 90 points, now there are 151891 points
add 91 points, now there are 152072 points
add 93 points, now there are 152256 points
add 85 points, now there are 152434 points
train 7300 steps, train loss: 17.767963409423828
add 83 points, now there are 152602 points
add 90 points, now there are 152775 points
add 78 points, now there are 152943 points
add 94 points, now there are 153115 points
add 88 points, now there are 153297 points
add 93 points, now there are 153478 points
add 96 points, now there are 153667 points
add 95 points, now there are 153858 points
add 86 points, now there are 154039 points
add 90 points, now there are 154215 points
add 92 points, now there are 154397 points
train 7400 steps, train loss: 17.620254516601562
add 82 points, now there are 154571 points
add 90 points, now there are 154743 points
add 73 points, now there are 154906 points
add 94 points, now there are 155073 points
add 87 points, now there are 155254 points
add 84 points, now there are 155425 points
add 96 points, now there are 155605 points
add 91 points, now there are 155792 points
add 83 points, now there are 155966 points
add 90 points, now there are 156139 points
add 90 points, now there are 156319 points
train 7500 steps, train loss: 17.473896026611328
add 89 points, now there are 156498 points
add 88 points, now there are 156675 points
add 76 points, now there are 156839 points
add 92 points, now there are 157007 points
add 86 points, now there are 157185 points
add 91 points, now there are 157362 points
add 94 points, now there are 157547 points
add 92 points, now there are 157733 points
add 84 points, now there are 157909 points
add 90 points, now there are 158083 points
add 87 points, now there are 158260 points
train 7600 steps, train loss: 17.330961227416992
add 92 points, now there are 158439 points
add 82 points, now there are 158613 points
add 68 points, now there are 158763 points
add 93 points, now there are 158924 points
add 89 points, now there are 159106 points
add 91 points, now there are 159286 points
add 94 points, now there are 159471 points
add 91 points, now there are 159656 points
add 81 points, now there are 159828 points
add 91 points, now there are 160000 points
add 94 points, now there are 160185 points
train 7700 steps, train loss: 17.19091033935547
add 91 points, now there are 160370 points
add 88 points, now there are 160549 points
add 77 points, now there are 160714 points
add 92 points, now there are 160883 points
add 93 points, now there are 161068 points
add 90 points, now there are 161251 points
add 90 points, now there are 161431 points
add 91 points, now there are 161612 points
add 84 points, now there are 161787 points
add 94 points, now there are 161965 points
add 91 points, now there are 162150 points
train 7800 steps, train loss: 17.055130004882812
add 93 points, now there are 162334 points
add 84 points, now there are 162511 points
add 71 points, now there are 162666 points
add 88 points, now there are 162825 points
add 88 points, now there are 163001 points
add 89 points, now there are 163178 points
add 93 points, now there are 163360 points
add 93 points, now there are 163546 points
add 88 points, now there are 163727 points
add 91 points, now there are 163906 points
add 89 points, now there are 164086 points
train 7900 steps, train loss: 16.92057228088379
add 92 points, now there are 164267 points
add 84 points, now there are 164443 points
add 75 points, now there are 164602 points
add 91 points, now there are 164768 points
add 91 points, now there are 164950 points
add 94 points, now there are 165135 points
add 94 points, now there are 165323 points
add 90 points, now there are 165507 points
add 84 points, now there are 165681 points
add 92 points, now there are 165857 points
add 94 points, now there are 166043 points
train 8000 steps, train loss: 16.789077758789062
add 93 points, now there are 166230 points
add 80 points, now there are 166403 points
add 72 points, now there are 166555 points
add 87 points, now there are 166714 points
add 94 points, now there are 166895 points
add 90 points, now there are 167079 points
add 94 points, now there are 167263 points
add 91 points, now there are 167448 points
add 89 points, now there are 167628 points
add 90 points, now there are 167807 points
add 93 points, now there are 167990 points
train 8100 steps, train loss: 16.655324935913086
add 94 points, now there are 168177 points
add 85 points, now there are 168356 points
add 70 points, now there are 168511 points
add 89 points, now there are 168670 points
add 92 points, now there are 168851 points
add 91 points, now there are 169034 points
add 95 points, now there are 169220 points
add 91 points, now there are 169406 points
add 87 points, now there are 169584 points
add 91 points, now there are 169762 points
add 90 points, now there are 169943 points
train 8200 steps, train loss: 16.52299690246582
add 83 points, now there are 170116 points
add 90 points, now there are 170289 points
add 83 points, now there are 170462 points
add 82 points, now there are 170627 points
add 90 points, now there are 170799 points
add 89 points, now there are 170978 points
add 94 points, now there are 171161 points
add 94 points, now there are 171349 points
add 90 points, now there are 171533 points
add 90 points, now there are 171713 points
add 94 points, now there are 171897 points
train 8300 steps, train loss: 16.3898983001709
add 91 points, now there are 172082 points
add 89 points, now there are 172262 points
add 81 points, now there are 172432 points
add 79 points, now there are 172592 points
add 94 points, now there are 172765 points
add 89 points, now there are 172948 points
add 93 points, now there are 173130 points
add 94 points, now there are 173317 points
add 94 points, now there are 173505 points
add 91 points, now there are 173690 points
add 92 points, now there are 173873 points
train 8400 steps, train loss: 16.258207321166992
add 88 points, now there are 174053 points
add 90 points, now there are 174231 points
add 75 points, now there are 174396 points
add 88 points, now there are 174559 points
add 93 points, now there are 174740 points
add 92 points, now there are 174925 points
add 93 points, now there are 175110 points
add 91 points, now there are 175294 points
add 91 points, now there are 175476 points
add 84 points, now there are 175651 points
add 92 points, now there are 175827 points
train 8500 steps, train loss: 16.12710189819336
add 91 points, now there are 176010 points
add 88 points, now there are 176189 points
add 69 points, now there are 176346 points
add 86 points, now there are 176501 points
add 90 points, now there are 176677 points
add 91 points, now there are 176858 points
add 91 points, now there are 177040 points
add 94 points, now there are 177225 points
add 83 points, now there are 177402 points
add 92 points, now there are 177577 points
add 93 points, now there are 177762 points
train 8600 steps, train loss: 15.995784759521484
add 87 points, now there are 177942 points
add 84 points, now there are 178113 points
add 69 points, now there are 178266 points
add 82 points, now there are 178417 points
add 88 points, now there are 178587 points
add 92 points, now there are 178767 points
add 92 points, now there are 178951 points
add 91 points, now there are 179134 points
add 93 points, now there are 179318 points
add 88 points, now there are 179499 points
add 92 points, now there are 179679 points
train 8700 steps, train loss: 15.86372184753418
add 92 points, now there are 179863 points
add 82 points, now there are 180037 points
add 76 points, now there are 180195 points
add 82 points, now there are 180353 points
add 89 points, now there are 180524 points
add 92 points, now there are 180705 points
add 81 points, now there are 180878 points
add 95 points, now there are 181054 points
add 89 points, now there are 181238 points
add 90 points, now there are 181417 points
add 92 points, now there are 181599 points
train 8800 steps, train loss: 15.73178482055664
add 91 points, now there are 181782 points
add 85 points, now there are 181958 points
add 76 points, now there are 182119 points
add 84 points, now there are 182279 points
add 89 points, now there are 182452 points
add 91 points, now there are 182632 points
add 85 points, now there are 182808 points
add 95 points, now there are 182988 points
add 89 points, now there are 183172 points
add 93 points, now there are 183354 points
add 92 points, now there are 183539 points
train 8900 steps, train loss: 15.59994125366211
add 87 points, now there are 183718 points
add 73 points, now there are 183878 points
add 72 points, now there are 184023 points
add 80 points, now there are 184175 points
add 87 points, now there are 184342 points
add 89 points, now there are 184518 points
add 91 points, now there are 184698 points
add 93 points, now there are 184882 points
add 91 points, now there are 185066 points
add 95 points, now there are 185252 points
add 92 points, now there are 185439 points
train 9000 steps, train loss: 15.469161033630371
add 89 points, now there are 185620 points
add 75 points, now there are 185784 points
add 72 points, now there are 185931 points
add 80 points, now there are 186083 points
add 92 points, now there are 186255 points
add 88 points, now there are 186435 points
add 87 points, now there are 186610 points
add 94 points, now there are 186791 points
add 89 points, now there are 186974 points
add 93 points, now there are 187156 points
add 93 points, now there are 187342 points
train 9100 steps, train loss: 15.340311050415039
add 88 points, now there are 187523 points
add 83 points, now there are 187694 points
add 73 points, now there are 187850 points
add 81 points, now there are 188004 points
add 92 points, now there are 188177 points
add 92 points, now there are 188361 points
add 88 points, now there are 188541 points
add 91 points, now there are 188720 points
add 87 points, now there are 188898 points
add 95 points, now there are 189080 points
add 95 points, now there are 189270 points
train 9200 steps, train loss: 15.21325969696045
add 91 points, now there are 189456 points
add 78 points, now there are 189625 points
add 76 points, now there are 189779 points
add 82 points, now there are 189937 points
add 92 points, now there are 190111 points
add 91 points, now there are 190294 points
add 93 points, now there are 190478 points
add 96 points, now there are 190667 points
add 93 points, now there are 190856 points
add 92 points, now there are 191041 points
add 92 points, now there are 191225 points
train 9300 steps, train loss: 15.087430953979492
add 82 points, now there are 191399 points
add 78 points, now there are 191559 points
add 79 points, now there are 191716 points
add 77 points, now there are 191872 points
add 89 points, now there are 192038 points
add 92 points, now there are 192219 points
add 94 points, now there are 192405 points
add 96 points, now there are 192595 points
add 91 points, now there are 192782 points
add 93 points, now there are 192966 points
add 91 points, now there are 193150 points
train 9400 steps, train loss: 14.967122077941895
add 86 points, now there are 193327 points
add 80 points, now there are 193493 points
add 77 points, now there are 193650 points
add 85 points, now there are 193812 points
add 85 points, now there are 193982 points
add 91 points, now there are 194158 points
add 91 points, now there are 194340 points
add 90 points, now there are 194521 points
add 91 points, now there are 194702 points
add 93 points, now there are 194886 points
add 86 points, now there are 195065 points
train 9500 steps, train loss: 14.848554611206055
add 87 points, now there are 195238 points
add 83 points, now there are 195408 points
add 74 points, now there are 195565 points
add 76 points, now there are 195715 points
add 86 points, now there are 195877 points
add 92 points, now there are 196055 points
add 92 points, now there are 196239 points
add 94 points, now there are 196425 points
add 95 points, now there are 196614 points
add 91 points, now there are 196800 points
add 91 points, now there are 196982 points
train 9600 steps, train loss: 14.732789039611816
add 90 points, now there are 197163 points
add 77 points, now there are 197330 points
add 69 points, now there are 197476 points
add 76 points, now there are 197621 points
add 84 points, now there are 197781 points
add 88 points, now there are 197953 points
add 91 points, now there are 198132 points
add 96 points, now there are 198319 points
add 92 points, now there are 198507 points
add 93 points, now there are 198692 points
add 92 points, now there are 198877 points
train 9700 steps, train loss: 14.618219375610352
add 89 points, now there are 199058 points
add 78 points, now there are 199225 points
add 66 points, now there are 199369 points
add 73 points, now there are 199508 points
add 90 points, now there are 199671 points
add 85 points, now there are 199846 points
add 91 points, now there are 200022 points
add 95 points, now there are 200208 points
add 93 points, now there are 200396 points
add 93 points, now there are 200582 points
add 89 points, now there are 200764 points
train 9800 steps, train loss: 14.506214141845703
add 89 points, now there are 200942 points
add 76 points, now there are 201107 points
add 69 points, now there are 201252 points
add 77 points, now there are 201398 points
add 92 points, now there are 201567 points
add 88 points, now there are 201747 points
add 93 points, now there are 201928 points
add 94 points, now there are 202115 points
add 90 points, now there are 202299 points
add 91 points, now there are 202480 points
add 94 points, now there are 202665 points
train 9900 steps, train loss: 14.395097732543945
add 90 points, now there are 202849 points
add 80 points, now there are 203019 points
add 70 points, now there are 203169 points
add 85 points, now there are 203324 points
add 90 points, now there are 203499 points
add 88 points, now there are 203677 points
add 95 points, now there are 203860 points
add 93 points, now there are 204048 points
add 89 points, now there are 204230 points
add 93 points, now there are 204412 points
add 96 points, now there are 204601 points
train 10000 steps, train loss: 14.286388397216797
add 89 points, now there are 204786 points
add 80 points, now there are 204955 points
add 68 points, now there are 205103 points
add 78 points, now there are 205249 points
add 90 points, now there are 205417 points
add 82 points, now there are 205589 points
add 93 points, now there are 205764 points
add 96 points, now there are 205953 points
add 92 points, now there are 206141 points
add 94 points, now there are 206327 points
add 91 points, now there are 206512 points
model last data nums:206603
